TN:
SF:static/admin.js
FN:19,(anonymous_0)
FN:24,initializeAdminInterface
FN:37,initializeEventListeners
FN:72,initializeFilters
FN:84,initializeTabs
FN:86,(anonymous_5)
FN:87,(anonymous_6)
FN:97,initializeModals
FN:99,(anonymous_8)
FN:104,(anonymous_9)
FN:111,loadUsers
FN:136,loadInvitations
FN:161,loadPrograms
FN:170,(anonymous_13)
FN:184,handleSearchChange
FN:191,handleFilterChange
FN:199,clearFilters
FN:209,getFilteredData
FN:212,(anonymous_18)
FN:249,updateDisplay
FN:268,displayUsers
FN:282,(anonymous_21)
FN:315,(anonymous_22)
FN:335,displayInvitations
FN:349,(anonymous_24)
FN:405,handleSelectAllUsers
FN:409,(anonymous_26)
FN:415,handleSelectAllInvitations
FN:419,(anonymous_28)
FN:425,handleUserSelection
FN:434,handleInvitationSelection
FN:444,updateBulkActions
FN:453,handleBulkResendInvitations
FN:471,handleBulkCancelInvitations
FN:489,handleBulkDeactivateUsers
FN:506,handleInviteUser
FN:530,(anonymous_36)
FN:562,handleRoleSelectionChange
FN:575,editUser
FN:576,(anonymous_39)
FN:592,handleEditUser
FN:641,toggleUserStatus
FN:642,(anonymous_42)
FN:665,resendInvitation
FN:690,cancelInvitation
FN:716,updatePagination
FN:775,changePage
FN:782,updateCounts
FN:792,updateURL
FN:802,showLoading
FN:807,hideLoading
FN:811,showEmpty
FN:815,hideEmpty
FN:819,setLoadingState
FN:830,getInitials
FN:834,formatRole
FN:835,(anonymous_56)
FN:838,formatStatus
FN:839,(anonymous_58)
FN:842,getDisplayStatus
FN:847,getActivityStatus
FN:859,formatLastActive
FN:875,formatDate
FN:880,formatExpiryDate
FN:895,escapeHtml
FN:902,showSuccess
FN:906,showError
FN:910,showMessage
FN:913,(anonymous_68)
FN:931,showConfirmation
FN:932,(anonymous_70)
FN:941,(anonymous_71)
FN:948,(anonymous_72)
FN:963,debounce
FN:965,executedFunction
FN:966,(anonymous_75)
FN:984,__setAdminState
FN:993,(anonymous_77)
FN:997,(anonymous_78)
FN:1017,__resetAdminState
FN:1032,__getAdminState
FNF:81
FNH:51
FNDA:0,(anonymous_0)
FNDA:0,initializeAdminInterface
FNDA:0,initializeEventListeners
FNDA:0,initializeFilters
FNDA:0,initializeTabs
FNDA:0,(anonymous_5)
FNDA:0,(anonymous_6)
FNDA:0,initializeModals
FNDA:0,(anonymous_8)
FNDA:0,(anonymous_9)
FNDA:3,loadUsers
FNDA:2,loadInvitations
FNDA:0,loadPrograms
FNDA:0,(anonymous_13)
FNDA:0,handleSearchChange
FNDA:0,handleFilterChange
FNDA:0,clearFilters
FNDA:17,getFilteredData
FNDA:188,(anonymous_18)
FNDA:8,updateDisplay
FNDA:7,displayUsers
FNDA:42,(anonymous_21)
FNDA:0,(anonymous_22)
FNDA:1,displayInvitations
FNDA:1,(anonymous_24)
FNDA:1,handleSelectAllUsers
FNDA:2,(anonymous_26)
FNDA:1,handleSelectAllInvitations
FNDA:2,(anonymous_28)
FNDA:2,handleUserSelection
FNDA:2,handleInvitationSelection
FNDA:12,updateBulkActions
FNDA:0,handleBulkResendInvitations
FNDA:0,handleBulkCancelInvitations
FNDA:0,handleBulkDeactivateUsers
FNDA:0,handleInviteUser
FNDA:0,(anonymous_36)
FNDA:0,handleRoleSelectionChange
FNDA:0,editUser
FNDA:0,(anonymous_39)
FNDA:0,handleEditUser
FNDA:1,toggleUserStatus
FNDA:1,(anonymous_42)
FNDA:2,resendInvitation
FNDA:1,cancelInvitation
FNDA:8,updatePagination
FNDA:2,changePage
FNDA:8,updateCounts
FNDA:0,updateURL
FNDA:6,showLoading
FNDA:9,hideLoading
FNDA:4,showEmpty
FNDA:5,hideEmpty
FNDA:0,setLoadingState
FNDA:43,getInitials
FNDA:44,formatRole
FNDA:46,(anonymous_56)
FNDA:43,formatStatus
FNDA:43,(anonymous_58)
FNDA:84,getDisplayStatus
FNDA:43,getActivityStatus
FNDA:44,formatLastActive
FNDA:2,formatDate
FNDA:3,formatExpiryDate
FNDA:129,escapeHtml
FNDA:3,showSuccess
FNDA:3,showError
FNDA:6,showMessage
FNDA:2,(anonymous_68)
FNDA:1,showConfirmation
FNDA:1,(anonymous_70)
FNDA:1,(anonymous_71)
FNDA:0,(anonymous_72)
FNDA:1,debounce
FNDA:2,executedFunction
FNDA:1,(anonymous_75)
FNDA:7,__setAdminState
FNDA:0,(anonymous_77)
FNDA:0,(anonymous_78)
FNDA:14,__resetAdminState
FNDA:5,__getAdminState
DA:4,1
DA:5,1
DA:6,1
DA:7,1
DA:8,1
DA:9,1
DA:10,1
DA:11,1
DA:12,1
DA:19,1
DA:20,0
DA:25,0
DA:26,0
DA:27,0
DA:28,0
DA:31,0
DA:32,0
DA:33,0
DA:39,0
DA:42,0
DA:43,0
DA:44,0
DA:47,0
DA:48,0
DA:53,0
DA:56,0
DA:59,0
DA:64,0
DA:65,0
DA:68,0
DA:73,0
DA:74,0
DA:75,0
DA:76,0
DA:78,0
DA:79,0
DA:80,0
DA:85,0
DA:86,0
DA:87,0
DA:88,0
DA:89,0
DA:90,0
DA:91,0
DA:99,0
DA:100,0
DA:101,0
DA:104,0
DA:105,0
DA:106,0
DA:112,3
DA:113,3
DA:115,3
DA:116,3
DA:117,1
DA:120,2
DA:121,2
DA:122,2
DA:123,2
DA:124,2
DA:126,0
DA:129,1
DA:130,1
DA:131,1
DA:137,2
DA:138,2
DA:140,2
DA:141,2
DA:142,0
DA:145,2
DA:146,2
DA:147,2
DA:148,2
DA:149,2
DA:151,0
DA:154,0
DA:155,0
DA:156,0
DA:162,0
DA:163,0
DA:164,0
DA:165,0
DA:166,0
DA:167,0
DA:168,0
DA:170,0
DA:171,0
DA:172,0
DA:173,0
DA:174,0
DA:179,0
DA:185,0
DA:186,0
DA:187,0
DA:188,0
DA:192,0
DA:193,0
DA:194,0
DA:195,0
DA:196,0
DA:200,0
DA:201,0
DA:202,0
DA:203,0
DA:204,0
DA:205,0
DA:206,0
DA:210,17
DA:212,17
DA:214,188
DA:215,2
DA:217,2
DA:221,2
DA:222,1
DA:227,187
DA:228,0
DA:232,187
DA:233,1
DA:234,1
DA:235,1
DA:236,0
DA:238,1
DA:240,0
DA:244,187
DA:250,8
DA:251,8
DA:253,8
DA:254,8
DA:255,8
DA:257,8
DA:258,7
DA:260,1
DA:263,8
DA:264,8
DA:265,8
DA:269,7
DA:271,7
DA:273,7
DA:274,3
DA:275,3
DA:278,4
DA:280,4
DA:282,42
DA:315,0
DA:336,1
DA:338,1
DA:340,1
DA:341,0
DA:342,0
DA:345,1
DA:347,1
DA:349,1
DA:406,1
DA:407,1
DA:409,1
DA:410,2
DA:411,2
DA:416,1
DA:417,1
DA:419,1
DA:420,2
DA:421,2
DA:426,2
DA:427,2
DA:429,0
DA:431,2
DA:435,2
DA:436,2
DA:438,0
DA:440,2
DA:445,12
DA:447,12
DA:450,12
DA:454,0
DA:456,0
DA:461,0
DA:462,0
DA:463,0
DA:465,0
DA:466,0
DA:467,0
DA:472,0
DA:474,0
DA:479,0
DA:480,0
DA:481,0
DA:483,0
DA:484,0
DA:485,0
DA:490,0
DA:492,0
DA:497,0
DA:499,0
DA:500,0
DA:501,0
DA:507,0
DA:509,0
DA:510,0
DA:511,0
DA:513,0
DA:514,0
DA:515,0
DA:518,0
DA:520,0
DA:521,0
DA:528,0
DA:529,0
DA:530,0
DA:532,0
DA:533,0
DA:537,0
DA:545,0
DA:547,0
DA:548,0
DA:549,0
DA:550,0
DA:552,0
DA:555,0
DA:556,0
DA:558,0
DA:563,0
DA:564,0
DA:566,0
DA:567,0
DA:568,0
DA:570,0
DA:571,0
DA:576,0
DA:577,0
DA:580,0
DA:581,0
DA:582,0
DA:583,0
DA:584,0
DA:585,0
DA:588,0
DA:589,0
DA:593,0
DA:595,0
DA:596,0
DA:597,0
DA:599,0
DA:600,0
DA:601,0
DA:604,0
DA:606,0
DA:607,0
DA:608,0
DA:616,0
DA:624,0
DA:626,0
DA:627,0
DA:628,0
DA:629,0
DA:631,0
DA:634,0
DA:635,0
DA:637,0
DA:642,1
DA:643,1
DA:645,1
DA:646,1
DA:648,1
DA:653,1
DA:654,1
DA:656,1
DA:657,1
DA:659,0
DA:666,2
DA:667,2
DA:671,1
DA:673,1
DA:674,1
DA:675,1
DA:676,1
DA:678,1
DA:680,0
DA:683,1
DA:684,1
DA:686,1
DA:691,1
DA:692,1
DA:696,1
DA:698,1
DA:699,1
DA:700,1
DA:701,1
DA:703,1
DA:705,0
DA:708,0
DA:709,0
DA:711,0
DA:717,8
DA:718,8
DA:720,8
DA:721,6
DA:722,6
DA:725,2
DA:728,2
DA:737,2
DA:738,2
DA:740,2
DA:741,0
DA:743,0
DA:744,0
DA:748,2
DA:749,6
DA:756,2
DA:757,0
DA:758,0
DA:760,0
DA:764,2
DA:772,2
DA:776,2
DA:777,1
DA:778,1
DA:783,8
DA:784,8
DA:785,8
DA:787,8
DA:789,8
DA:793,0
DA:794,0
DA:795,0
DA:796,0
DA:798,0
DA:799,0
DA:803,6
DA:804,6
DA:808,9
DA:812,4
DA:816,5
DA:820,0
DA:821,0
DA:822,0
DA:824,0
DA:825,0
DA:831,43
DA:835,46
DA:839,43
DA:843,84
DA:844,84
DA:848,43
DA:850,42
DA:851,42
DA:852,42
DA:854,42
DA:855,1
DA:856,0
DA:860,44
DA:862,42
DA:863,42
DA:864,42
DA:865,42
DA:866,42
DA:868,42
DA:869,1
DA:870,0
DA:872,0
DA:876,2
DA:877,0
DA:881,3
DA:883,3
DA:884,3
DA:885,3
DA:886,3
DA:888,3
DA:889,2
DA:890,2
DA:892,1
DA:896,129
DA:897,129
DA:898,129
DA:903,3
DA:907,3
DA:912,6
DA:913,6
DA:916,6
DA:917,6
DA:918,6
DA:924,6
DA:925,6
DA:926,6
DA:928,6
DA:932,1
DA:933,1
DA:934,1
DA:935,1
DA:936,1
DA:938,1
DA:939,1
DA:941,1
DA:942,1
DA:943,1
DA:944,1
DA:945,1
DA:948,1
DA:949,0
DA:950,0
DA:951,0
DA:954,1
DA:955,1
DA:957,1
DA:958,1
DA:965,1
DA:966,2
DA:967,1
DA:968,1
DA:970,2
DA:971,2
DA:976,1
DA:977,1
DA:978,1
DA:979,1
DA:980,1
DA:981,1
DA:982,1
DA:985,7
DA:986,4
DA:988,7
DA:989,1
DA:991,7
DA:992,0
DA:993,0
DA:995,7
DA:996,0
DA:997,0
DA:999,7
DA:1000,0
DA:1002,7
DA:1003,0
DA:1005,7
DA:1006,6
DA:1008,7
DA:1009,4
DA:1018,14
DA:1019,14
DA:1020,14
DA:1021,14
DA:1022,14
DA:1023,14
DA:1024,14
DA:1025,14
DA:1033,5
DA:1046,1
DA:1099,1
DA:1100,1
LF:447
LH:243
BRDA:74,0,0,0
BRDA:74,0,1,0
BRDA:75,1,0,0
BRDA:75,1,1,0
BRDA:76,2,0,0
BRDA:76,2,1,0
BRDA:89,3,0,0
BRDA:89,3,1,0
BRDA:116,4,0,1
BRDA:116,4,1,2
BRDA:121,5,0,2
BRDA:121,5,1,0
BRDA:122,6,0,2
BRDA:122,6,1,0
BRDA:126,7,0,0
BRDA:126,7,1,0
BRDA:141,8,0,0
BRDA:141,8,1,2
BRDA:146,9,0,2
BRDA:146,9,1,0
BRDA:147,10,0,2
BRDA:147,10,1,2
BRDA:151,11,0,0
BRDA:151,11,1,0
BRDA:164,12,0,0
BRDA:164,12,1,0
BRDA:166,13,0,0
BRDA:166,13,1,0
BRDA:210,14,0,15
BRDA:210,14,1,2
BRDA:214,15,0,2
BRDA:214,15,1,186
BRDA:217,16,0,2
BRDA:217,16,1,0
BRDA:219,17,0,0
BRDA:219,17,1,0
BRDA:221,18,0,1
BRDA:221,18,1,1
BRDA:227,19,0,0
BRDA:227,19,1,187
BRDA:227,20,0,187
BRDA:227,20,1,1
BRDA:232,21,0,1
BRDA:232,21,1,186
BRDA:233,22,0,1
BRDA:233,22,1,0
BRDA:234,23,0,0
BRDA:234,23,1,1
BRDA:234,24,0,1
BRDA:234,24,1,1
BRDA:235,25,0,0
BRDA:235,25,1,1
BRDA:235,26,0,1
BRDA:235,26,1,0
BRDA:238,27,0,0
BRDA:238,27,1,1
BRDA:238,28,0,1
BRDA:238,28,1,0
BRDA:240,29,0,0
BRDA:240,29,1,0
BRDA:257,30,0,7
BRDA:257,30,1,1
BRDA:273,31,0,3
BRDA:273,31,1,4
BRDA:315,32,0,42
BRDA:315,32,1,1
BRDA:316,33,0,41
BRDA:316,33,1,1
BRDA:316,34,0,42
BRDA:316,34,1,41
BRDA:324,35,0,42
BRDA:324,35,1,0
BRDA:325,36,0,42
BRDA:325,36,1,0
BRDA:340,37,0,0
BRDA:340,37,1,1
BRDA:360,38,0,0
BRDA:360,38,1,1
BRDA:370,39,0,1
BRDA:370,39,1,0
BRDA:377,40,0,1
BRDA:377,40,1,0
BRDA:377,41,0,1
BRDA:377,41,1,1
BRDA:383,42,0,1
BRDA:383,42,1,0
BRDA:426,43,0,2
BRDA:426,43,1,0
BRDA:435,44,0,2
BRDA:435,44,1,0
BRDA:447,45,0,12
BRDA:447,45,1,9
BRDA:447,45,2,10
BRDA:447,45,3,3
BRDA:454,46,0,0
BRDA:454,46,1,0
BRDA:461,47,0,0
BRDA:461,47,1,0
BRDA:472,48,0,0
BRDA:472,48,1,0
BRDA:479,49,0,0
BRDA:479,49,1,0
BRDA:490,50,0,0
BRDA:490,50,1,0
BRDA:497,51,0,0
BRDA:497,51,1,0
BRDA:513,52,0,0
BRDA:513,52,1,0
BRDA:524,53,0,0
BRDA:524,53,1,0
BRDA:528,54,0,0
BRDA:528,54,1,0
BRDA:532,55,0,0
BRDA:532,55,1,0
BRDA:547,56,0,0
BRDA:547,56,1,0
BRDA:547,57,0,0
BRDA:547,57,1,0
BRDA:552,58,0,0
BRDA:552,58,1,0
BRDA:566,59,0,0
BRDA:566,59,1,0
BRDA:577,60,0,0
BRDA:577,60,1,0
BRDA:581,61,0,0
BRDA:581,61,1,0
BRDA:582,62,0,0
BRDA:582,62,1,0
BRDA:583,63,0,0
BRDA:583,63,1,0
BRDA:584,64,0,0
BRDA:584,64,1,0
BRDA:585,65,0,0
BRDA:585,65,1,0
BRDA:599,66,0,0
BRDA:599,66,1,0
BRDA:626,67,0,0
BRDA:626,67,1,0
BRDA:626,68,0,0
BRDA:626,68,1,0
BRDA:631,69,0,0
BRDA:631,69,1,0
BRDA:643,70,0,0
BRDA:643,70,1,1
BRDA:645,71,0,1
BRDA:645,71,1,0
BRDA:646,72,0,0
BRDA:646,72,1,1
BRDA:653,73,0,1
BRDA:653,73,1,0
BRDA:665,74,0,2
BRDA:673,75,0,1
BRDA:673,75,1,0
BRDA:673,76,0,1
BRDA:673,76,1,1
BRDA:674,77,0,1
BRDA:674,77,1,0
BRDA:680,78,0,0
BRDA:680,78,1,0
BRDA:683,79,0,1
BRDA:683,79,1,0
BRDA:690,80,0,1
BRDA:698,81,0,1
BRDA:698,81,1,0
BRDA:698,82,0,1
BRDA:698,82,1,1
BRDA:699,83,0,1
BRDA:699,83,1,0
BRDA:705,84,0,0
BRDA:705,84,1,0
BRDA:708,85,0,0
BRDA:708,85,1,0
BRDA:720,86,0,6
BRDA:720,86,1,2
BRDA:729,87,0,1
BRDA:729,87,1,1
BRDA:740,88,0,0
BRDA:740,88,1,2
BRDA:743,89,0,0
BRDA:743,89,1,0
BRDA:750,90,0,2
BRDA:750,90,1,4
BRDA:756,91,0,0
BRDA:756,91,1,2
BRDA:757,92,0,0
BRDA:757,92,1,0
BRDA:765,93,0,0
BRDA:765,93,1,2
BRDA:776,94,0,1
BRDA:776,94,1,1
BRDA:776,95,0,2
BRDA:776,95,1,2
BRDA:788,96,0,5
BRDA:788,96,1,3
BRDA:794,97,0,0
BRDA:794,97,1,0
BRDA:795,98,0,0
BRDA:795,98,1,0
BRDA:796,99,0,0
BRDA:796,99,1,0
BRDA:798,100,0,0
BRDA:798,100,1,0
BRDA:820,101,0,0
BRDA:820,101,1,0
BRDA:831,102,0,43
BRDA:831,102,1,0
BRDA:831,103,0,43
BRDA:831,103,1,0
BRDA:843,104,0,0
BRDA:843,104,1,84
BRDA:848,105,0,1
BRDA:848,105,1,42
BRDA:854,106,0,41
BRDA:854,106,1,1
BRDA:855,107,0,1
BRDA:855,107,1,0
BRDA:860,108,0,2
BRDA:860,108,1,42
BRDA:868,109,0,41
BRDA:868,109,1,1
BRDA:869,110,0,1
BRDA:869,110,1,0
BRDA:870,111,0,0
BRDA:870,111,1,0
BRDA:876,112,0,2
BRDA:876,112,1,0
BRDA:881,113,0,0
BRDA:881,113,1,3
BRDA:888,114,0,1
BRDA:888,114,1,2
BRDA:889,115,0,0
BRDA:889,115,1,2
BRDA:890,116,0,1
BRDA:890,116,1,1
BRDA:917,117,0,3
BRDA:917,117,1,3
BRDA:984,118,0,0
BRDA:985,119,0,4
BRDA:985,119,1,3
BRDA:988,120,0,1
BRDA:988,120,1,6
BRDA:991,121,0,0
BRDA:991,121,1,7
BRDA:995,122,0,0
BRDA:995,122,1,7
BRDA:999,123,0,0
BRDA:999,123,1,7
BRDA:1002,124,0,0
BRDA:1002,124,1,7
BRDA:1005,125,0,6
BRDA:1005,125,1,1
BRDA:1008,126,0,4
BRDA:1008,126,1,3
BRDA:1010,127,0,4
BRDA:1010,127,1,3
BRDA:1011,128,0,4
BRDA:1011,128,1,3
BRDA:1012,129,0,4
BRDA:1012,129,1,3
BRDA:1099,130,0,1
BRDA:1099,130,1,0
BRDA:1099,131,0,1
BRDA:1099,131,1,1
BRF:263
BRH:126
end_of_record
TN:
SF:static/auth.js
FN:4,(anonymous_0)
FN:10,initializePage
FN:29,initializeLoginForm
FN:51,initializeRegisterForm
FN:75,(anonymous_4)
FN:82,(anonymous_5)
FN:83,(anonymous_6)
FN:97,initializeForgotPasswordForm
FN:111,initializeProfileForm
FN:125,(anonymous_9)
FN:133,(anonymous_10)
FN:141,initializePasswordToggles
FN:144,(anonymous_12)
FN:145,(anonymous_13)
FN:168,initializeFormValidation
FN:171,(anonymous_15)
FN:172,(anonymous_16)
FN:183,validateEmail
FN:199,validateRequired
FN:212,validateUrl
FN:224,validatePassword
FN:240,validatePasswordMatch
FN:256,setValidationState
FN:267,clearValidation
FN:272,updatePasswordStrength
FN:297,getPasswordStrength
FN:333,updatePasswordRequirements
FN:341,(anonymous_27)
FN:361,handleLogin
FN:392,(anonymous_29)
FN:410,handleRegister
FN:444,(anonymous_31)
FN:458,handleForgotPassword
FN:503,validateForm
FN:507,(anonymous_34)
FN:535,setLoadingState
FN:545,showError
FN:549,showSuccess
FN:553,showMessage
FN:556,(anonymous_39)
FN:574,showAccountLockout
FN:587,isValidUrl
FN:598,logout
FN:606,(anonymous_43)
FN:609,(anonymous_44)
FN:616,showLogin
FN:621,handleUpdateProfile
FN:626,handleChangePassword
FNF:48
FNH:23
FNDA:0,(anonymous_0)
FNDA:0,initializePage
FNDA:0,initializeLoginForm
FNDA:0,initializeRegisterForm
FNDA:0,(anonymous_4)
FNDA:0,(anonymous_5)
FNDA:0,(anonymous_6)
FNDA:0,initializeForgotPasswordForm
FNDA:0,initializeProfileForm
FNDA:0,(anonymous_9)
FNDA:0,(anonymous_10)
FNDA:0,initializePasswordToggles
FNDA:0,(anonymous_12)
FNDA:0,(anonymous_13)
FNDA:0,initializeFormValidation
FNDA:0,(anonymous_15)
FNDA:0,(anonymous_16)
FNDA:4,validateEmail
FNDA:5,validateRequired
FNDA:0,validateUrl
FNDA:3,validatePassword
FNDA:3,validatePasswordMatch
FNDA:15,setValidationState
FNDA:0,clearValidation
FNDA:1,updatePasswordStrength
FNDA:4,getPasswordStrength
FNDA:1,updatePasswordRequirements
FNDA:4,(anonymous_27)
FNDA:2,handleLogin
FNDA:1,(anonymous_29)
FNDA:1,handleRegister
FNDA:1,(anonymous_31)
FNDA:1,handleForgotPassword
FNDA:4,validateForm
FNDA:12,(anonymous_34)
FNDA:8,setLoadingState
FNDA:0,showError
FNDA:2,showSuccess
FNDA:2,showMessage
FNDA:0,(anonymous_39)
FNDA:1,showAccountLockout
FNDA:2,isValidUrl
FNDA:1,logout
FNDA:1,(anonymous_43)
FNDA:0,(anonymous_44)
FNDA:0,showLogin
FNDA:0,handleUpdateProfile
FNDA:0,handleChangePassword
DA:4,1
DA:6,0
DA:11,0
DA:13,0
DA:14,0
DA:15,0
DA:16,0
DA:17,0
DA:18,0
DA:19,0
DA:20,0
DA:24,0
DA:25,0
DA:30,0
DA:31,0
DA:33,0
DA:36,0
DA:37,0
DA:39,0
DA:40,0
DA:41,0
DA:44,0
DA:45,0
DA:46,0
DA:52,0
DA:53,0
DA:55,0
DA:58,0
DA:59,0
DA:60,0
DA:61,0
DA:65,0
DA:66,0
DA:67,0
DA:68,0
DA:72,0
DA:73,0
DA:74,0
DA:75,0
DA:76,0
DA:81,0
DA:82,0
DA:83,0
DA:84,0
DA:85,0
DA:86,0
DA:87,0
DA:89,0
DA:92,0
DA:98,0
DA:99,0
DA:101,0
DA:103,0
DA:104,0
DA:105,0
DA:106,0
DA:112,0
DA:113,0
DA:115,0
DA:116,0
DA:119,0
DA:120,0
DA:123,0
DA:124,0
DA:125,0
DA:126,0
DA:131,0
DA:132,0
DA:133,0
DA:134,0
DA:142,0
DA:144,0
DA:145,0
DA:146,0
DA:148,0
DA:150,0
DA:152,0
DA:154,0
DA:155,0
DA:156,0
DA:157,0
DA:159,0
DA:160,0
DA:170,0
DA:171,0
DA:172,0
DA:173,0
DA:174,0
DA:175,0
DA:177,0
DA:184,4
DA:185,4
DA:187,4
DA:188,0
DA:189,0
DA:190,4
DA:191,1
DA:192,1
DA:194,3
DA:195,3
DA:200,5
DA:201,5
DA:203,5
DA:204,0
DA:205,0
DA:207,5
DA:208,5
DA:213,0
DA:215,0
DA:216,0
DA:217,0
DA:219,0
DA:220,0
DA:225,3
DA:226,3
DA:228,3
DA:229,0
DA:230,0
DA:231,3
DA:232,0
DA:233,0
DA:235,3
DA:236,3
DA:241,3
DA:242,3
DA:244,3
DA:246,3
DA:247,1
DA:248,1
DA:249,2
DA:250,2
DA:251,2
DA:253,0
DA:257,15
DA:259,15
DA:260,15
DA:262,15
DA:263,15
DA:268,0
DA:273,1
DA:274,1
DA:275,1
DA:278,1
DA:281,1
DA:284,1
DA:285,1
DA:288,1
DA:289,1
DA:290,1
DA:294,1
DA:298,4
DA:299,0
DA:302,4
DA:305,4
DA:306,4
DA:309,4
DA:310,4
DA:311,4
DA:312,4
DA:315,4
DA:316,4
DA:318,4
DA:330,4
DA:334,1
DA:341,1
DA:342,4
DA:343,4
DA:344,4
DA:345,4
DA:346,4
DA:347,4
DA:348,4
DA:351,0
DA:352,0
DA:353,0
DA:362,2
DA:364,2
DA:365,2
DA:366,2
DA:369,2
DA:370,0
DA:373,2
DA:375,2
DA:376,2
DA:388,2
DA:390,2
DA:391,1
DA:392,1
DA:393,1
DA:396,1
DA:397,1
DA:399,0
DA:403,0
DA:404,0
DA:406,2
DA:411,1
DA:413,1
DA:414,1
DA:415,1
DA:418,1
DA:419,0
DA:422,1
DA:424,1
DA:425,1
DA:440,1
DA:442,1
DA:443,1
DA:444,1
DA:445,1
DA:448,0
DA:451,0
DA:452,0
DA:454,1
DA:459,1
DA:461,1
DA:462,1
DA:463,1
DA:464,1
DA:466,1
DA:467,0
DA:470,1
DA:472,1
DA:473,1
DA:483,1
DA:485,1
DA:486,1
DA:487,1
DA:488,1
DA:489,1
DA:492,0
DA:495,0
DA:496,0
DA:498,1
DA:504,4
DA:505,4
DA:507,4
DA:508,12
DA:510,12
DA:511,2
DA:512,10
DA:513,3
DA:514,7
DA:515,1
DA:516,6
DA:517,0
DA:518,6
DA:519,1
DA:520,1
DA:521,0
DA:524,5
DA:527,12
DA:528,0
DA:532,4
DA:536,8
DA:537,4
DA:538,4
DA:540,4
DA:541,4
DA:546,0
DA:550,2
DA:555,2
DA:556,2
DA:559,2
DA:560,2
DA:561,2
DA:567,2
DA:568,2
DA:569,2
DA:570,2
DA:575,1
DA:576,1
DA:578,1
DA:579,1
DA:581,0
DA:588,2
DA:590,2
DA:591,1
DA:593,1
DA:599,1
DA:600,1
DA:607,1
DA:610,0
DA:617,0
DA:622,0
DA:627,0
DA:632,1
DA:633,1
DA:635,1
DA:667,1
DA:668,1
LF:290
LH:160
BRDA:13,0,0,0
BRDA:13,0,1,0
BRDA:15,1,0,0
BRDA:15,1,1,0
BRDA:17,2,0,0
BRDA:17,2,1,0
BRDA:19,3,0,0
BRDA:19,3,1,0
BRDA:31,4,0,0
BRDA:31,4,1,0
BRDA:39,5,0,0
BRDA:39,5,1,0
BRDA:44,6,0,0
BRDA:44,6,1,0
BRDA:53,7,0,0
BRDA:53,7,1,0
BRDA:59,8,0,0
BRDA:59,8,1,0
BRDA:66,9,0,0
BRDA:66,9,1,0
BRDA:74,10,0,0
BRDA:74,10,1,0
BRDA:74,11,0,0
BRDA:74,11,1,0
BRDA:84,12,0,0
BRDA:84,12,1,0
BRDA:86,13,0,0
BRDA:86,13,1,0
BRDA:99,14,0,0
BRDA:99,14,1,0
BRDA:104,15,0,0
BRDA:104,15,1,0
BRDA:115,16,0,0
BRDA:115,16,1,0
BRDA:119,17,0,0
BRDA:119,17,1,0
BRDA:124,18,0,0
BRDA:124,18,1,0
BRDA:132,19,0,0
BRDA:132,19,1,0
BRDA:150,20,0,0
BRDA:150,20,1,0
BRDA:154,21,0,0
BRDA:154,21,1,0
BRDA:154,22,0,0
BRDA:154,22,1,0
BRDA:155,23,0,0
BRDA:155,23,1,0
BRDA:173,24,0,0
BRDA:173,24,1,0
BRDA:187,25,0,0
BRDA:187,25,1,4
BRDA:190,26,0,1
BRDA:190,26,1,3
BRDA:201,27,0,5
BRDA:201,27,1,0
BRDA:203,28,0,0
BRDA:203,28,1,5
BRDA:215,29,0,0
BRDA:215,29,1,0
BRDA:215,30,0,0
BRDA:215,30,1,0
BRDA:228,31,0,0
BRDA:228,31,1,3
BRDA:231,32,0,0
BRDA:231,32,1,3
BRDA:240,33,0,3
BRDA:240,34,0,3
BRDA:244,35,0,0
BRDA:244,35,1,3
BRDA:244,36,0,3
BRDA:244,36,1,3
BRDA:246,37,0,1
BRDA:246,37,1,2
BRDA:246,38,0,3
BRDA:246,38,1,3
BRDA:249,39,0,2
BRDA:249,39,1,0
BRDA:256,40,0,13
BRDA:260,41,0,13
BRDA:260,41,1,2
BRDA:262,42,0,15
BRDA:262,42,1,0
BRDA:272,43,0,0
BRDA:278,44,0,1
BRDA:278,44,1,0
BRDA:281,45,0,1
BRDA:281,45,1,0
BRDA:284,46,0,1
BRDA:284,46,1,0
BRDA:288,47,0,1
BRDA:288,47,1,0
BRDA:298,48,0,0
BRDA:298,48,1,4
BRDA:305,49,0,4
BRDA:305,49,1,0
BRDA:306,50,0,1
BRDA:306,50,1,3
BRDA:309,51,0,4
BRDA:309,51,1,0
BRDA:310,52,0,4
BRDA:310,52,1,0
BRDA:311,53,0,4
BRDA:311,53,1,0
BRDA:312,54,0,4
BRDA:312,54,1,0
BRDA:315,55,0,4
BRDA:315,55,1,0
BRDA:316,56,0,4
BRDA:316,56,1,0
BRDA:343,57,0,4
BRDA:343,57,1,0
BRDA:345,58,0,4
BRDA:345,58,1,0
BRDA:347,59,0,4
BRDA:347,59,1,0
BRDA:352,60,0,0
BRDA:352,60,1,0
BRDA:369,61,0,0
BRDA:369,61,1,2
BRDA:390,62,0,1
BRDA:390,62,1,1
BRDA:390,63,0,2
BRDA:390,63,1,1
BRDA:396,64,0,1
BRDA:396,64,1,0
BRDA:399,65,0,0
BRDA:399,65,1,0
BRDA:418,66,0,0
BRDA:418,66,1,1
BRDA:436,67,0,1
BRDA:436,67,1,0
BRDA:442,68,0,1
BRDA:442,68,1,0
BRDA:442,69,0,1
BRDA:442,69,1,1
BRDA:448,70,0,0
BRDA:448,70,1,0
BRDA:466,71,0,0
BRDA:466,71,1,1
BRDA:485,72,0,1
BRDA:485,72,1,0
BRDA:485,73,0,1
BRDA:485,73,1,1
BRDA:487,74,0,1
BRDA:487,74,1,0
BRDA:492,75,0,0
BRDA:492,75,1,0
BRDA:510,76,0,2
BRDA:510,76,1,10
BRDA:512,77,0,3
BRDA:512,77,1,7
BRDA:512,78,0,10
BRDA:512,78,1,4
BRDA:514,79,0,1
BRDA:514,79,1,6
BRDA:514,80,0,7
BRDA:514,80,1,1
BRDA:516,81,0,0
BRDA:516,81,1,6
BRDA:518,82,0,1
BRDA:518,82,1,5
BRDA:520,83,0,0
BRDA:520,83,1,1
BRDA:527,84,0,0
BRDA:527,84,1,12
BRDA:536,85,0,4
BRDA:536,85,1,4
BRDA:560,86,0,0
BRDA:560,86,1,2
BRDA:568,87,0,2
BRDA:568,87,1,0
BRDA:576,88,0,1
BRDA:576,88,1,0
BRDA:599,89,0,1
BRDA:599,89,1,0
BRDA:667,90,0,1
BRDA:667,90,1,0
BRDA:667,91,0,1
BRDA:667,91,1,1
BRF:180
BRH:78
end_of_record
TN:
SF:static/institution_dashboard.js
FN:1,(anonymous_0)
FN:23,(anonymous_1)
FN:24,(anonymous_2)
FN:32,(anonymous_3)
FN:36,(anonymous_4)
FN:39,(anonymous_5)
FN:76,(anonymous_6)
FN:85,(anonymous_7)
FN:98,(anonymous_8)
FN:102,(anonymous_9)
FN:113,(anonymous_10)
FN:138,(anonymous_11)
FN:176,(anonymous_12)
FN:182,(anonymous_13)
FN:210,(anonymous_14)
FN:219,(anonymous_15)
FN:239,(anonymous_16)
FN:249,(anonymous_17)
FN:265,(anonymous_18)
FN:287,(anonymous_19)
FN:308,(anonymous_20)
FN:331,(anonymous_21)
FN:338,(anonymous_22)
FN:349,(anonymous_23)
FN:359,(anonymous_24)
FN:370,(anonymous_25)
FN:372,(anonymous_26)
FNF:27
FNH:16
FNDA:1,(anonymous_0)
FNDA:0,(anonymous_1)
FNDA:0,(anonymous_2)
FNDA:0,(anonymous_3)
FNDA:0,(anonymous_4)
FNDA:0,(anonymous_5)
FNDA:1,(anonymous_6)
FNDA:1,(anonymous_7)
FNDA:1,(anonymous_8)
FNDA:1,(anonymous_9)
FNDA:0,(anonymous_10)
FNDA:1,(anonymous_11)
FNDA:1,(anonymous_12)
FNDA:0,(anonymous_13)
FNDA:1,(anonymous_14)
FNDA:0,(anonymous_15)
FNDA:1,(anonymous_16)
FNDA:1,(anonymous_17)
FNDA:1,(anonymous_18)
FNDA:1,(anonymous_19)
FNDA:1,(anonymous_20)
FNDA:1,(anonymous_21)
FNDA:1,(anonymous_22)
FNDA:1,(anonymous_23)
FNDA:0,(anonymous_24)
FNDA:0,(anonymous_25)
FNDA:0,(anonymous_26)
DA:1,1
DA:2,1
DA:3,1
DA:18,1
DA:24,0
DA:25,0
DA:26,0
DA:30,0
DA:31,0
DA:32,0
DA:35,0
DA:36,0
DA:40,0
DA:41,0
DA:42,0
DA:43,0
DA:44,0
DA:45,0
DA:48,0
DA:49,0
DA:57,0
DA:58,0
DA:59,0
DA:62,0
DA:63,0
DA:64,0
DA:65,0
DA:68,0
DA:69,0
DA:70,0
DA:71,0
DA:72,0
DA:77,1
DA:78,1
DA:79,1
DA:80,1
DA:81,1
DA:82,1
DA:86,1
DA:87,1
DA:88,1
DA:89,1
DA:90,1
DA:93,1
DA:95,1
DA:98,1
DA:99,1
DA:103,1
DA:104,1
DA:106,1
DA:107,0
DA:108,0
DA:111,1
DA:113,0
DA:127,1
DA:139,1
DA:141,1
DA:142,1
DA:143,1
DA:144,1
DA:145,1
DA:148,1
DA:149,1
DA:151,1
DA:172,1
DA:173,1
DA:177,1
DA:178,1
DA:180,1
DA:182,0
DA:195,1
DA:196,0
DA:197,0
DA:200,1
DA:211,1
DA:212,1
DA:213,1
DA:215,1
DA:219,0
DA:235,1
DA:236,1
DA:240,1
DA:241,1
DA:243,1
DA:244,0
DA:245,0
DA:248,1
DA:249,1
DA:250,1
DA:251,1
DA:252,1
DA:256,1
DA:266,1
DA:267,1
DA:268,1
DA:269,1
DA:270,1
DA:271,1
DA:272,1
DA:283,1
DA:284,1
DA:288,1
DA:289,1
DA:291,1
DA:292,0
DA:296,0
DA:299,1
DA:309,1
DA:310,1
DA:311,1
DA:312,1
DA:313,1
DA:327,1
DA:328,1
DA:332,1
DA:333,1
DA:334,1
DA:335,1
DA:339,1
DA:340,1
DA:341,1
DA:350,1
DA:351,1
DA:352,1
DA:360,0
DA:370,1
DA:372,0
DA:373,0
DA:375,0
DA:376,0
DA:378,0
DA:379,0
DA:383,1
DA:384,1
LF:134
LH:88
BRDA:25,0,0,0
BRDA:25,0,1,0
BRDA:25,1,0,0
BRDA:25,1,1,0
BRDA:31,2,0,0
BRDA:31,2,1,0
BRDA:39,3,0,0
BRDA:40,4,0,0
BRDA:41,5,0,0
BRDA:41,5,1,0
BRDA:58,6,0,0
BRDA:58,6,1,0
BRDA:58,7,0,0
BRDA:58,7,1,0
BRDA:59,8,0,0
BRDA:59,8,1,0
BRDA:62,9,0,0
BRDA:62,9,1,0
BRDA:78,10,0,1
BRDA:78,10,1,0
BRDA:78,11,0,1
BRDA:78,11,1,0
BRDA:79,12,0,1
BRDA:79,12,1,0
BRDA:79,13,0,1
BRDA:79,13,1,0
BRDA:80,14,0,1
BRDA:80,14,1,0
BRDA:80,15,0,1
BRDA:80,15,1,0
BRDA:80,16,0,1
BRDA:80,16,1,0
BRDA:81,17,0,1
BRDA:81,17,1,0
BRDA:82,18,0,1
BRDA:82,18,1,1
BRDA:86,19,0,1
BRDA:86,19,1,0
BRDA:87,20,0,1
BRDA:87,20,1,0
BRDA:88,21,0,1
BRDA:88,21,1,0
BRDA:89,22,0,1
BRDA:89,22,1,0
BRDA:90,23,0,1
BRDA:90,23,1,0
BRDA:93,24,0,1
BRDA:93,24,1,1
BRDA:93,24,2,1
BRDA:93,24,3,0
BRDA:96,25,0,1
BRDA:96,25,1,0
BRDA:98,26,0,1
BRDA:98,26,1,0
BRDA:98,27,0,1
BRDA:98,27,1,0
BRDA:98,28,0,1
BRDA:98,28,1,1
BRDA:98,29,0,0
BRDA:98,29,1,0
BRDA:99,30,0,1
BRDA:99,30,1,1
BRDA:99,30,2,0
BRDA:104,31,0,0
BRDA:104,31,1,1
BRDA:106,32,0,0
BRDA:106,32,1,1
BRDA:106,33,0,1
BRDA:106,33,1,0
BRDA:111,34,0,1
BRDA:111,34,1,0
BRDA:114,35,0,0
BRDA:114,35,1,0
BRDA:116,36,0,0
BRDA:116,36,1,0
BRDA:117,37,0,0
BRDA:117,37,1,0
BRDA:118,38,0,0
BRDA:118,38,1,0
BRDA:119,39,0,0
BRDA:119,39,1,0
BRDA:120,40,0,0
BRDA:120,40,1,0
BRDA:139,41,0,1
BRDA:139,41,1,0
BRDA:141,42,0,1
BRDA:141,42,1,0
BRDA:142,43,0,1
BRDA:142,43,1,0
BRDA:143,44,0,1
BRDA:143,44,1,0
BRDA:144,45,0,1
BRDA:144,45,1,0
BRDA:144,45,2,0
BRDA:146,46,0,1
BRDA:146,46,1,1
BRDA:146,47,0,0
BRDA:146,47,1,1
BRDA:148,48,0,1
BRDA:148,48,1,1
BRDA:149,49,0,1
BRDA:149,49,1,1
BRDA:152,50,0,1
BRDA:152,50,1,0
BRDA:152,50,2,0
BRDA:178,51,0,0
BRDA:178,51,1,1
BRDA:180,52,0,1
BRDA:180,52,1,0
BRDA:185,53,0,0
BRDA:185,53,1,0
BRDA:185,53,2,0
BRDA:188,54,0,0
BRDA:188,54,1,0
BRDA:189,55,0,0
BRDA:189,55,1,0
BRDA:190,56,0,0
BRDA:190,56,1,0
BRDA:191,57,0,0
BRDA:191,57,1,0
BRDA:192,58,0,0
BRDA:192,58,1,0
BRDA:195,59,0,0
BRDA:195,59,1,1
BRDA:211,60,0,1
BRDA:211,60,1,1
BRDA:212,61,0,1
BRDA:212,61,1,1
BRDA:213,62,0,1
BRDA:213,62,1,1
BRDA:216,63,0,1
BRDA:216,63,1,1
BRDA:216,63,2,1
BRDA:218,64,0,1
BRDA:218,64,1,1
BRDA:218,64,2,1
BRDA:218,65,0,1
BRDA:218,65,1,1
BRDA:219,66,0,0
BRDA:219,66,1,0
BRDA:222,67,0,1
BRDA:222,67,1,1
BRDA:230,68,0,1
BRDA:230,68,1,1
BRDA:241,69,0,0
BRDA:241,69,1,1
BRDA:243,70,0,0
BRDA:243,70,1,1
BRDA:250,71,0,1
BRDA:250,71,1,0
BRDA:251,72,0,1
BRDA:251,72,1,0
BRDA:266,73,0,1
BRDA:266,73,1,0
BRDA:267,74,0,1
BRDA:267,74,1,0
BRDA:267,74,2,0
BRDA:267,74,3,0
BRDA:268,75,0,1
BRDA:268,75,1,0
BRDA:268,75,2,0
BRDA:269,76,0,1
BRDA:269,76,1,0
BRDA:269,76,2,0
BRDA:270,77,0,1
BRDA:270,77,1,0
BRDA:271,78,0,1
BRDA:271,78,1,0
BRDA:273,79,0,1
BRDA:273,79,1,0
BRDA:273,80,0,1
BRDA:273,80,1,0
BRDA:273,81,0,0
BRDA:273,81,1,0
BRDA:274,82,0,1
BRDA:274,82,1,1
BRDA:274,82,2,0
BRDA:289,83,0,0
BRDA:289,83,1,1
BRDA:291,84,0,0
BRDA:291,84,1,1
BRDA:309,85,0,1
BRDA:309,85,1,0
BRDA:310,86,0,1
BRDA:310,86,1,0
BRDA:311,87,0,1
BRDA:311,87,1,0
BRDA:312,88,0,1
BRDA:312,88,1,0
BRDA:314,89,0,1
BRDA:314,89,1,0
BRDA:314,89,2,0
BRDA:315,90,0,1
BRDA:315,90,1,0
BRDA:316,91,0,1
BRDA:316,91,1,0
BRDA:333,92,0,0
BRDA:333,92,1,1
BRDA:334,93,0,1
BRDA:334,93,1,0
BRDA:340,94,0,0
BRDA:340,94,1,1
BRDA:351,95,0,0
BRDA:351,95,1,1
BRDA:373,96,0,0
BRDA:373,96,1,0
BRDA:383,97,0,1
BRDA:383,97,1,0
BRDA:383,98,0,1
BRDA:383,98,1,1
BRF:210
BRH:93
end_of_record
TN:
SF:static/instructor_dashboard.js
FN:1,(anonymous_0)
FN:22,(anonymous_1)
FN:23,(anonymous_2)
FN:31,(anonymous_3)
FN:35,(anonymous_4)
FN:38,(anonymous_5)
FN:81,(anonymous_6)
FN:90,(anonymous_7)
FN:98,(anonymous_8)
FN:106,(anonymous_9)
FN:126,(anonymous_10)
FN:146,(anonymous_11)
FN:167,(anonymous_12)
FN:187,(anonymous_13)
FN:196,(anonymous_14)
FN:205,(anonymous_15)
FN:215,(anonymous_16)
FN:231,(anonymous_17)
FN:235,(anonymous_18)
FN:259,(anonymous_19)
FN:261,(anonymous_20)
FN:265,(anonymous_21)
FN:272,(anonymous_22)
FN:283,(anonymous_23)
FN:293,(anonymous_24)
FN:303,(anonymous_25)
FN:310,(anonymous_26)
FN:312,(anonymous_27)
FNF:28
FNH:19
FNDA:1,(anonymous_0)
FNDA:0,(anonymous_1)
FNDA:0,(anonymous_2)
FNDA:0,(anonymous_3)
FNDA:0,(anonymous_4)
FNDA:0,(anonymous_5)
FNDA:1,(anonymous_6)
FNDA:1,(anonymous_7)
FNDA:2,(anonymous_8)
FNDA:1,(anonymous_9)
FNDA:1,(anonymous_10)
FNDA:1,(anonymous_11)
FNDA:2,(anonymous_12)
FNDA:1,(anonymous_13)
FNDA:2,(anonymous_14)
FNDA:1,(anonymous_15)
FNDA:1,(anonymous_16)
FNDA:1,(anonymous_17)
FNDA:1,(anonymous_18)
FNDA:1,(anonymous_19)
FNDA:1,(anonymous_20)
FNDA:1,(anonymous_21)
FNDA:0,(anonymous_22)
FNDA:1,(anonymous_23)
FNDA:0,(anonymous_24)
FNDA:5,(anonymous_25)
FNDA:0,(anonymous_26)
FNDA:0,(anonymous_27)
DA:1,1
DA:2,1
DA:3,1
DA:17,1
DA:23,0
DA:24,0
DA:25,0
DA:29,0
DA:30,0
DA:31,0
DA:34,0
DA:35,0
DA:39,0
DA:40,0
DA:41,0
DA:42,0
DA:43,0
DA:44,0
DA:45,0
DA:46,0
DA:50,0
DA:51,0
DA:59,0
DA:60,0
DA:61,0
DA:64,0
DA:65,0
DA:66,0
DA:67,0
DA:70,0
DA:71,0
DA:72,0
DA:73,0
DA:74,0
DA:75,0
DA:76,0
DA:82,1
DA:83,1
DA:84,1
DA:85,1
DA:86,1
DA:87,1
DA:91,1
DA:92,1
DA:93,1
DA:94,1
DA:96,1
DA:97,1
DA:98,2
DA:99,1
DA:100,1
DA:102,0
DA:107,1
DA:108,1
DA:110,1
DA:111,0
DA:115,0
DA:118,1
DA:127,1
DA:128,1
DA:129,1
DA:142,1
DA:143,1
DA:147,1
DA:148,1
DA:150,1
DA:151,0
DA:155,0
DA:158,1
DA:168,2
DA:169,2
DA:170,2
DA:183,1
DA:184,1
DA:188,1
DA:189,1
DA:191,1
DA:192,0
DA:193,0
DA:196,1
DA:197,2
DA:198,2
DA:199,2
DA:202,1
DA:206,1
DA:207,1
DA:209,1
DA:210,0
DA:211,0
DA:214,1
DA:215,1
DA:216,1
DA:217,1
DA:218,1
DA:219,1
DA:220,1
DA:223,1
DA:232,1
DA:233,1
DA:234,1
DA:235,1
DA:238,1
DA:242,1
DA:255,1
DA:256,1
DA:260,1
DA:261,1
DA:262,1
DA:266,1
DA:267,1
DA:268,1
DA:269,1
DA:273,0
DA:274,0
DA:275,0
DA:284,1
DA:285,1
DA:286,1
DA:294,0
DA:304,5
DA:305,5
DA:306,5
DA:310,1
DA:312,0
DA:313,0
DA:315,0
DA:316,0
DA:318,0
DA:319,0
DA:323,1
DA:324,1
LF:131
LH:80
BRDA:24,0,0,0
BRDA:24,0,1,0
BRDA:24,1,0,0
BRDA:24,1,1,0
BRDA:30,2,0,0
BRDA:30,2,1,0
BRDA:38,3,0,0
BRDA:39,4,0,0
BRDA:40,5,0,0
BRDA:40,5,1,0
BRDA:45,6,0,0
BRDA:45,6,1,0
BRDA:60,7,0,0
BRDA:60,7,1,0
BRDA:60,8,0,0
BRDA:60,8,1,0
BRDA:61,9,0,0
BRDA:61,9,1,0
BRDA:64,10,0,0
BRDA:64,10,1,0
BRDA:75,11,0,0
BRDA:75,11,1,0
BRDA:83,12,0,1
BRDA:83,12,1,0
BRDA:84,13,0,1
BRDA:84,13,1,0
BRDA:85,14,0,1
BRDA:85,14,1,0
BRDA:86,15,0,1
BRDA:86,15,1,0
BRDA:86,16,0,1
BRDA:86,16,1,0
BRDA:87,17,0,1
BRDA:87,17,1,1
BRDA:91,18,0,1
BRDA:91,18,1,0
BRDA:92,19,0,1
BRDA:92,19,1,0
BRDA:93,20,0,1
BRDA:93,20,1,0
BRDA:94,21,0,1
BRDA:94,21,1,0
BRDA:96,22,0,1
BRDA:96,22,1,0
BRDA:97,23,0,1
BRDA:97,23,1,0
BRDA:108,24,0,0
BRDA:108,24,1,1
BRDA:110,25,0,0
BRDA:110,25,1,1
BRDA:127,26,0,1
BRDA:127,26,1,1
BRDA:128,27,0,1
BRDA:128,27,1,1
BRDA:131,28,0,1
BRDA:131,28,1,0
BRDA:131,28,2,0
BRDA:131,29,0,1
BRDA:131,29,1,0
BRDA:148,30,0,0
BRDA:148,30,1,1
BRDA:150,31,0,0
BRDA:150,31,1,1
BRDA:168,32,0,2
BRDA:168,32,1,0
BRDA:169,33,0,2
BRDA:169,33,1,0
BRDA:171,34,0,2
BRDA:171,34,1,0
BRDA:172,35,0,2
BRDA:172,35,1,2
BRDA:173,36,0,0
BRDA:173,36,1,0
BRDA:174,37,0,2
BRDA:174,37,1,2
BRDA:174,37,2,2
BRDA:176,38,0,2
BRDA:176,38,1,0
BRDA:178,39,0,1
BRDA:178,39,1,1
BRDA:189,40,0,0
BRDA:189,40,1,1
BRDA:191,41,0,0
BRDA:191,41,1,1
BRDA:197,42,0,2
BRDA:197,42,1,0
BRDA:198,43,0,2
BRDA:198,43,1,0
BRDA:199,44,0,2
BRDA:199,44,1,0
BRDA:199,44,2,0
BRDA:207,45,0,0
BRDA:207,45,1,1
BRDA:209,46,0,0
BRDA:209,46,1,1
BRDA:217,47,0,0
BRDA:217,47,1,1
BRDA:218,48,0,1
BRDA:218,48,1,1
BRDA:233,49,0,1
BRDA:233,49,1,0
BRDA:235,50,0,1
BRDA:235,50,1,0
BRDA:240,51,0,1
BRDA:240,51,1,0
BRDA:244,52,0,1
BRDA:244,52,1,0
BRDA:244,52,2,0
BRDA:244,53,0,1
BRDA:244,53,1,0
BRDA:245,54,0,1
BRDA:245,54,1,1
BRDA:245,54,2,0
BRDA:246,55,0,1
BRDA:246,55,1,1
BRDA:246,55,2,0
BRDA:260,56,0,0
BRDA:260,56,1,1
BRDA:260,57,0,1
BRDA:260,57,1,1
BRDA:267,58,0,0
BRDA:267,58,1,1
BRDA:268,59,0,1
BRDA:268,59,1,0
BRDA:274,60,0,0
BRDA:274,60,1,0
BRDA:285,61,0,0
BRDA:285,61,1,1
BRDA:304,62,0,0
BRDA:304,62,1,5
BRDA:306,63,0,5
BRDA:306,63,1,2
BRDA:306,63,2,2
BRDA:313,64,0,0
BRDA:313,64,1,0
BRDA:323,65,0,1
BRDA:323,65,1,0
BRDA:323,66,0,1
BRDA:323,66,1,1
BRF:139
BRH:66
end_of_record
TN:
SF:static/logger.js
FN:23,(anonymous_0)
FN:38,(anonymous_1)
FN:53,(anonymous_2)
FN:68,(anonymous_3)
FN:82,(anonymous_4)
FNF:5
FNH:5
FNDA:1,(anonymous_0)
FNDA:1,(anonymous_1)
FNDA:1,(anonymous_2)
FNDA:2,(anonymous_3)
FNDA:5,(anonymous_4)
DA:6,1
DA:24,1
DA:25,1
DA:26,1
DA:28,0
DA:39,1
DA:40,1
DA:41,1
DA:43,0
DA:54,1
DA:55,1
DA:56,0
DA:58,1
DA:69,2
DA:70,1
DA:71,1
DA:73,0
DA:83,5
DA:88,1
DA:90,1
DA:91,1
LF:21
LH:17
BRDA:24,0,0,1
BRDA:24,0,1,0
BRDA:25,1,0,1
BRDA:25,1,1,0
BRDA:39,2,0,1
BRDA:39,2,1,0
BRDA:40,3,0,1
BRDA:40,3,1,0
BRDA:54,4,0,1
BRDA:54,4,1,0
BRDA:55,5,0,0
BRDA:55,5,1,1
BRDA:69,6,0,1
BRDA:69,6,1,1
BRDA:70,7,0,1
BRDA:70,7,1,0
BRDA:90,8,0,1
BRDA:90,8,1,0
BRDA:90,9,0,1
BRDA:90,9,1,1
BRF:20
BRH:12
end_of_record
TN:
SF:static/panels.js
FN:15,(anonymous_0)
FN:23,(anonymous_1)
FN:33,(anonymous_2)
FN:35,(anonymous_3)
FN:61,(anonymous_4)
FN:63,(anonymous_5)
FN:78,(anonymous_6)
FN:80,(anonymous_7)
FN:85,(anonymous_8)
FN:100,(anonymous_9)
FN:102,(anonymous_10)
FN:138,(anonymous_11)
FN:154,(anonymous_12)
FN:169,(anonymous_13)
FN:176,(anonymous_14)
FN:184,(anonymous_15)
FN:195,(anonymous_16)
FN:213,(anonymous_17)
FN:241,(anonymous_18)
FN:264,(anonymous_19)
FN:272,(anonymous_20)
FN:276,(anonymous_21)
FN:284,(anonymous_22)
FN:289,(anonymous_23)
FN:300,(anonymous_24)
FN:301,(anonymous_25)
FN:313,(anonymous_26)
FN:325,(anonymous_27)
FN:343,(anonymous_28)
FN:350,(anonymous_29)
FN:362,(anonymous_30)
FN:368,(anonymous_31)
FN:397,(anonymous_32)
FN:419,(anonymous_33)
FN:438,(anonymous_34)
FN:451,(anonymous_35)
FN:452,(anonymous_36)
FN:460,(anonymous_37)
FN:461,(anonymous_38)
FN:469,(anonymous_39)
FN:470,(anonymous_40)
FN:478,(anonymous_41)
FN:479,(anonymous_42)
FN:507,(anonymous_43)
FN:508,(anonymous_44)
FN:511,(anonymous_45)
FN:512,(anonymous_46)
FN:518,(anonymous_47)
FN:519,(anonymous_48)
FN:520,(anonymous_49)
FN:524,(anonymous_50)
FN:525,(anonymous_51)
FN:526,(anonymous_52)
FN:530,(anonymous_53)
FN:531,(anonymous_54)
FN:532,(anonymous_55)
FN:536,(anonymous_56)
FN:537,(anonymous_57)
FN:540,(anonymous_58)
FN:544,(anonymous_59)
FN:545,(anonymous_60)
FN:546,(anonymous_61)
FN:550,(anonymous_62)
FN:551,(anonymous_63)
FN:558,(anonymous_64)
FN:562,(anonymous_65)
FN:563,(anonymous_66)
FN:565,(anonymous_67)
FN:598,(anonymous_68)
FN:613,(anonymous_69)
FN:635,(anonymous_70)
FN:642,(anonymous_71)
FN:653,(anonymous_72)
FN:657,(anonymous_73)
FN:684,(anonymous_74)
FNF:75
FNH:37
FNDA:5,(anonymous_0)
FNDA:5,(anonymous_1)
FNDA:5,(anonymous_2)
FNDA:5,(anonymous_3)
FNDA:5,(anonymous_4)
FNDA:10,(anonymous_5)
FNDA:5,(anonymous_6)
FNDA:5,(anonymous_7)
FNDA:5,(anonymous_8)
FNDA:5,(anonymous_9)
FNDA:0,(anonymous_10)
FNDA:0,(anonymous_11)
FNDA:0,(anonymous_12)
FNDA:0,(anonymous_13)
FNDA:0,(anonymous_14)
FNDA:1,(anonymous_15)
FNDA:6,(anonymous_16)
FNDA:1,(anonymous_17)
FNDA:1,(anonymous_18)
FNDA:1,(anonymous_19)
FNDA:0,(anonymous_20)
FNDA:0,(anonymous_21)
FNDA:1,(anonymous_22)
FNDA:1,(anonymous_23)
FNDA:0,(anonymous_24)
FNDA:0,(anonymous_25)
FNDA:2,(anonymous_26)
FNDA:2,(anonymous_27)
FNDA:2,(anonymous_28)
FNDA:2,(anonymous_29)
FNDA:4,(anonymous_30)
FNDA:4,(anonymous_31)
FNDA:1,(anonymous_32)
FNDA:1,(anonymous_33)
FNDA:1,(anonymous_34)
FNDA:0,(anonymous_35)
FNDA:0,(anonymous_36)
FNDA:0,(anonymous_37)
FNDA:0,(anonymous_38)
FNDA:0,(anonymous_39)
FNDA:0,(anonymous_40)
FNDA:0,(anonymous_41)
FNDA:0,(anonymous_42)
FNDA:3,(anonymous_43)
FNDA:2,(anonymous_44)
FNDA:2,(anonymous_45)
FNDA:2,(anonymous_46)
FNDA:0,(anonymous_47)
FNDA:0,(anonymous_48)
FNDA:0,(anonymous_49)
FNDA:2,(anonymous_50)
FNDA:2,(anonymous_51)
FNDA:2,(anonymous_52)
FNDA:0,(anonymous_53)
FNDA:0,(anonymous_54)
FNDA:0,(anonymous_55)
FNDA:0,(anonymous_56)
FNDA:0,(anonymous_57)
FNDA:0,(anonymous_58)
FNDA:0,(anonymous_59)
FNDA:0,(anonymous_60)
FNDA:0,(anonymous_61)
FNDA:0,(anonymous_62)
FNDA:0,(anonymous_63)
FNDA:0,(anonymous_64)
FNDA:0,(anonymous_65)
FNDA:0,(anonymous_66)
FNDA:0,(anonymous_67)
FNDA:0,(anonymous_68)
FNDA:0,(anonymous_69)
FNDA:1,(anonymous_70)
FNDA:2,(anonymous_71)
FNDA:2,(anonymous_72)
FNDA:4,(anonymous_73)
FNDA:0,(anonymous_74)
DA:16,5
DA:17,5
DA:18,5
DA:19,5
DA:20,5
DA:24,5
DA:25,5
DA:26,5
DA:27,5
DA:34,5
DA:35,5
DA:36,5
DA:37,5
DA:39,5
DA:40,5
DA:41,5
DA:43,5
DA:44,5
DA:53,5
DA:62,5
DA:63,5
DA:64,10
DA:65,10
DA:66,10
DA:79,5
DA:80,5
DA:81,5
DA:82,5
DA:84,5
DA:85,5
DA:86,5
DA:87,5
DA:102,5
DA:103,0
DA:104,0
DA:105,0
DA:106,0
DA:107,0
DA:112,0
DA:113,0
DA:114,0
DA:116,0
DA:117,0
DA:121,0
DA:123,0
DA:124,0
DA:125,0
DA:130,0
DA:131,0
DA:136,5
DA:140,0
DA:141,0
DA:142,0
DA:143,0
DA:144,0
DA:145,0
DA:152,5
DA:156,0
DA:157,0
DA:158,0
DA:159,0
DA:160,0
DA:161,0
DA:169,5
DA:170,0
DA:171,0
DA:176,5
DA:177,0
DA:185,1
DA:186,1
DA:188,1
DA:189,1
DA:196,6
DA:197,6
DA:199,6
DA:200,1
DA:201,1
DA:202,1
DA:204,5
DA:205,5
DA:206,5
DA:214,1
DA:215,1
DA:218,1
DA:219,0
DA:220,0
DA:224,1
DA:225,0
DA:226,0
DA:230,1
DA:231,1
DA:234,1
DA:235,1
DA:236,1
DA:241,1
DA:252,0
DA:260,1
DA:261,1
DA:264,1
DA:265,1
DA:273,0
DA:274,0
DA:276,0
DA:277,0
DA:285,1
DA:286,1
DA:288,1
DA:289,1
DA:290,1
DA:291,1
DA:293,1
DA:301,0
DA:302,0
DA:303,0
DA:304,0
DA:306,0
DA:314,2
DA:315,2
DA:318,2
DA:319,1
DA:321,1
DA:325,2
DA:326,2
DA:327,0
DA:328,0
DA:333,2
DA:334,2
DA:337,2
DA:344,2
DA:345,2
DA:347,2
DA:348,2
DA:350,2
DA:351,2
DA:352,2
DA:354,2
DA:355,1
DA:357,1
DA:362,4
DA:370,4
DA:371,4
DA:375,0
DA:376,0
DA:379,0
DA:381,0
DA:382,0
DA:383,0
DA:384,0
DA:385,0
DA:386,0
DA:391,0
DA:398,1
DA:399,1
DA:401,1
DA:402,1
DA:403,1
DA:406,1
DA:407,1
DA:408,1
DA:413,1
DA:420,1
DA:422,1
DA:423,1
DA:424,1
DA:425,1
DA:426,1
DA:427,1
DA:431,1
DA:432,1
DA:439,1
DA:440,1
DA:441,1
DA:442,1
DA:443,1
DA:447,0
DA:452,0
DA:461,0
DA:470,0
DA:479,0
DA:486,0
DA:487,0
DA:488,0
DA:491,0
DA:495,0
DA:496,0
DA:499,0
DA:501,0
DA:508,3
DA:509,2
DA:511,2
DA:512,2
DA:515,3
DA:518,0
DA:519,0
DA:520,0
DA:524,2
DA:525,2
DA:526,2
DA:530,0
DA:531,0
DA:532,0
DA:536,0
DA:538,0
DA:540,0
DA:544,0
DA:545,0
DA:546,0
DA:550,0
DA:552,0
DA:553,0
DA:554,0
DA:558,0
DA:562,0
DA:564,0
DA:565,0
DA:570,3
DA:571,1
DA:572,1
DA:573,1
DA:583,2
DA:584,2
DA:586,2
DA:587,2
DA:589,2
DA:599,0
DA:600,0
DA:601,0
DA:603,0
DA:613,0
DA:629,0
DA:636,1
DA:637,1
DA:638,1
DA:640,1
DA:642,2
DA:651,1
DA:653,2
DA:657,4
DA:669,1
DA:678,1
DA:684,1
DA:685,0
DA:686,0
DA:689,1
DA:690,1
LF:245
LH:147
BRDA:36,0,0,5
BRDA:36,0,1,0
BRDA:43,1,0,5
BRDA:43,1,1,0
BRDA:43,2,0,5
BRDA:43,2,1,5
BRDA:43,2,2,5
BRDA:65,3,0,10
BRDA:65,3,1,0
BRDA:81,4,0,5
BRDA:81,4,1,0
BRDA:86,5,0,5
BRDA:86,5,1,0
BRDA:103,6,0,0
BRDA:103,6,1,0
BRDA:104,7,0,0
BRDA:104,7,1,0
BRDA:104,8,0,0
BRDA:104,8,1,0
BRDA:104,8,2,0
BRDA:106,9,0,0
BRDA:106,9,1,0
BRDA:106,10,0,0
BRDA:106,10,1,0
BRDA:112,11,0,0
BRDA:112,11,1,0
BRDA:112,12,0,0
BRDA:112,12,1,0
BRDA:112,12,2,0
BRDA:116,13,0,0
BRDA:116,13,1,0
BRDA:121,14,0,0
BRDA:121,14,1,0
BRDA:121,15,0,0
BRDA:121,15,1,0
BRDA:121,15,2,0
BRDA:121,15,3,0
BRDA:124,16,0,0
BRDA:124,16,1,0
BRDA:130,17,0,0
BRDA:130,17,1,0
BRDA:130,18,0,0
BRDA:130,18,1,0
BRDA:130,18,2,0
BRDA:140,19,0,0
BRDA:140,19,1,0
BRDA:141,20,0,0
BRDA:141,20,1,0
BRDA:141,21,0,0
BRDA:141,21,1,0
BRDA:141,21,2,0
BRDA:144,22,0,0
BRDA:144,22,1,0
BRDA:156,23,0,0
BRDA:156,23,1,0
BRDA:157,24,0,0
BRDA:157,24,1,0
BRDA:157,25,0,0
BRDA:157,25,1,0
BRDA:157,25,2,0
BRDA:160,26,0,0
BRDA:160,26,1,0
BRDA:170,27,0,0
BRDA:170,27,1,0
BRDA:170,28,0,0
BRDA:170,28,1,0
BRDA:186,29,0,0
BRDA:186,29,1,1
BRDA:197,30,0,0
BRDA:197,30,1,6
BRDA:199,31,0,1
BRDA:199,31,1,5
BRDA:215,32,0,0
BRDA:215,32,1,1
BRDA:218,33,0,0
BRDA:218,33,1,1
BRDA:224,34,0,0
BRDA:224,34,1,1
BRDA:274,35,0,0
BRDA:274,35,1,0
BRDA:286,36,0,0
BRDA:286,36,1,1
BRDA:286,37,0,1
BRDA:286,37,1,1
BRDA:290,38,0,1
BRDA:290,38,1,0
BRDA:290,39,0,1
BRDA:290,39,1,1
BRDA:302,40,0,0
BRDA:302,40,1,0
BRDA:315,41,0,0
BRDA:315,41,1,2
BRDA:318,42,0,1
BRDA:318,42,1,1
BRDA:318,43,0,2
BRDA:318,43,1,1
BRDA:326,44,0,0
BRDA:326,44,1,2
BRDA:326,45,0,2
BRDA:326,45,1,2
BRDA:345,46,0,0
BRDA:345,46,1,2
BRDA:354,47,0,1
BRDA:354,47,1,1
BRDA:370,48,0,4
BRDA:370,48,1,0
BRDA:375,49,0,0
BRDA:375,49,1,0
BRDA:375,49,2,0
BRDA:379,50,0,0
BRDA:379,50,1,0
BRDA:382,51,0,0
BRDA:382,51,1,0
BRDA:385,52,0,0
BRDA:385,52,1,0
BRDA:385,53,0,0
BRDA:385,53,1,0
BRDA:385,53,2,0
BRDA:399,54,0,0
BRDA:399,54,1,1
BRDA:420,55,0,0
BRDA:420,55,1,1
BRDA:423,56,0,1
BRDA:423,56,1,0
BRDA:426,57,0,1
BRDA:426,57,1,0
BRDA:440,58,0,1
BRDA:440,58,1,0
BRDA:442,59,0,1
BRDA:442,59,1,0
BRDA:452,60,0,0
BRDA:452,60,1,0
BRDA:454,61,0,0
BRDA:454,61,1,0
BRDA:461,62,0,0
BRDA:461,62,1,0
BRDA:463,63,0,0
BRDA:463,63,1,0
BRDA:470,64,0,0
BRDA:470,64,1,0
BRDA:479,65,0,0
BRDA:479,65,1,0
BRDA:487,66,0,0
BRDA:487,66,1,0
BRDA:495,67,0,0
BRDA:495,67,1,0
BRDA:518,68,0,0
BRDA:518,68,1,0
BRDA:519,69,0,0
BRDA:519,69,1,0
BRDA:520,70,0,0
BRDA:520,70,1,0
BRDA:524,71,0,2
BRDA:524,71,1,0
BRDA:524,71,2,0
BRDA:525,72,0,2
BRDA:525,72,1,0
BRDA:525,72,2,0
BRDA:526,73,0,2
BRDA:526,73,1,0
BRDA:530,74,0,0
BRDA:530,74,1,0
BRDA:531,75,0,0
BRDA:531,75,1,0
BRDA:532,76,0,0
BRDA:532,76,1,0
BRDA:532,76,2,0
BRDA:536,77,0,0
BRDA:536,77,1,0
BRDA:536,77,2,0
BRDA:538,78,0,0
BRDA:538,78,1,0
BRDA:538,79,0,0
BRDA:538,79,1,0
BRDA:538,80,0,0
BRDA:538,80,1,0
BRDA:538,81,0,0
BRDA:538,81,1,0
BRDA:540,82,0,0
BRDA:540,82,1,0
BRDA:544,83,0,0
BRDA:544,83,1,0
BRDA:544,83,2,0
BRDA:544,83,3,0
BRDA:545,84,0,0
BRDA:545,84,1,0
BRDA:545,84,2,0
BRDA:546,85,0,0
BRDA:546,85,1,0
BRDA:550,86,0,0
BRDA:550,86,1,0
BRDA:552,87,0,0
BRDA:552,87,1,0
BRDA:553,88,0,0
BRDA:553,88,1,0
BRDA:553,88,2,0
BRDA:554,89,0,0
BRDA:554,89,1,0
BRDA:558,90,0,0
BRDA:558,90,1,0
BRDA:562,91,0,0
BRDA:562,91,1,0
BRDA:564,92,0,0
BRDA:564,92,1,0
BRDA:564,92,2,0
BRDA:564,92,3,0
BRDA:565,93,0,0
BRDA:565,93,1,0
BRDA:570,94,0,1
BRDA:570,94,1,2
BRDA:571,95,0,1
BRDA:571,95,1,0
BRDA:572,96,0,0
BRDA:572,96,1,1
BRDA:577,97,0,1
BRDA:577,97,1,0
BRDA:578,98,0,1
BRDA:578,98,1,0
BRDA:584,99,0,0
BRDA:584,99,1,2
BRDA:587,100,0,0
BRDA:587,100,1,2
BRDA:611,101,0,0
BRDA:611,101,1,0
BRDA:624,102,0,0
BRDA:624,102,1,0
BRDA:643,103,0,1
BRDA:643,103,1,1
BRDA:643,104,0,0
BRDA:643,104,1,2
BRDA:651,105,0,1
BRDA:651,105,1,0
BRDA:658,106,0,2
BRDA:658,106,1,2
BRDA:659,107,0,4
BRDA:659,107,1,0
BRDA:689,108,0,1
BRDA:689,108,1,0
BRDA:689,109,0,1
BRDA:689,109,1,1
BRF:240
BRH:60
end_of_record
TN:
SF:static/program_dashboard.js
FN:1,(anonymous_0)
FN:22,(anonymous_1)
FN:23,(anonymous_2)
FN:31,(anonymous_3)
FN:35,(anonymous_4)
FN:38,(anonymous_5)
FN:75,(anonymous_6)
FN:84,(anonymous_7)
FN:98,(anonymous_8)
FN:109,(anonymous_9)
FN:114,(anonymous_10)
FN:129,(anonymous_11)
FN:131,(anonymous_12)
FN:144,(anonymous_13)
FN:151,(anonymous_14)
FN:183,(anonymous_15)
FN:201,(anonymous_16)
FN:215,(anonymous_17)
FN:228,(anonymous_18)
FN:241,(anonymous_19)
FN:253,(anonymous_20)
FN:278,(anonymous_21)
FN:299,(anonymous_22)
FN:321,(anonymous_23)
FN:328,(anonymous_24)
FN:339,(anonymous_25)
FN:349,(anonymous_26)
FN:359,(anonymous_27)
FN:361,(anonymous_28)
FN:372,(anonymous_29)
FN:374,(anonymous_30)
FNF:31
FNH:21
FNDA:1,(anonymous_0)
FNDA:0,(anonymous_1)
FNDA:0,(anonymous_2)
FNDA:0,(anonymous_3)
FNDA:0,(anonymous_4)
FNDA:0,(anonymous_5)
FNDA:1,(anonymous_6)
FNDA:1,(anonymous_7)
FNDA:0,(anonymous_8)
FNDA:1,(anonymous_9)
FNDA:1,(anonymous_10)
FNDA:1,(anonymous_11)
FNDA:1,(anonymous_12)
FNDA:1,(anonymous_13)
FNDA:1,(anonymous_14)
FNDA:1,(anonymous_15)
FNDA:1,(anonymous_16)
FNDA:0,(anonymous_17)
FNDA:1,(anonymous_18)
FNDA:1,(anonymous_19)
FNDA:1,(anonymous_20)
FNDA:1,(anonymous_21)
FNDA:1,(anonymous_22)
FNDA:1,(anonymous_23)
FNDA:1,(anonymous_24)
FNDA:1,(anonymous_25)
FNDA:0,(anonymous_26)
FNDA:1,(anonymous_27)
FNDA:1,(anonymous_28)
FNDA:0,(anonymous_29)
FNDA:0,(anonymous_30)
DA:1,1
DA:2,1
DA:3,1
DA:17,1
DA:23,0
DA:24,0
DA:25,0
DA:29,0
DA:30,0
DA:31,0
DA:34,0
DA:35,0
DA:39,0
DA:40,0
DA:41,0
DA:42,0
DA:43,0
DA:44,0
DA:47,0
DA:48,0
DA:56,0
DA:57,0
DA:58,0
DA:61,0
DA:62,0
DA:63,0
DA:64,0
DA:67,0
DA:68,0
DA:69,0
DA:70,0
DA:71,0
DA:76,1
DA:77,1
DA:78,1
DA:79,1
DA:80,1
DA:81,1
DA:85,1
DA:86,1
DA:87,1
DA:88,1
DA:89,1
DA:91,1
DA:92,1
DA:93,1
DA:94,1
DA:96,0
DA:97,0
DA:98,0
DA:102,0
DA:105,0
DA:110,1
DA:111,1
DA:113,1
DA:114,1
DA:115,1
DA:116,1
DA:117,1
DA:121,1
DA:122,0
DA:126,0
DA:129,1
DA:130,1
DA:131,1
DA:134,1
DA:145,1
DA:146,1
DA:147,1
DA:148,1
DA:149,1
DA:150,1
DA:151,1
DA:154,1
DA:155,1
DA:156,1
DA:158,1
DA:179,1
DA:180,1
DA:184,1
DA:185,1
DA:187,1
DA:188,0
DA:189,0
DA:192,1
DA:202,1
DA:203,1
DA:204,1
DA:205,1
DA:215,0
DA:224,1
DA:225,1
DA:229,1
DA:230,1
DA:232,1
DA:233,0
DA:237,0
DA:240,1
DA:241,1
DA:244,1
DA:254,1
DA:255,1
DA:256,1
DA:257,1
DA:259,1
DA:260,1
DA:274,1
DA:275,1
DA:279,1
DA:280,1
DA:282,1
DA:283,0
DA:287,0
DA:290,1
DA:300,1
DA:301,1
DA:302,1
DA:303,1
DA:317,1
DA:318,1
DA:322,1
DA:323,1
DA:324,1
DA:325,1
DA:329,1
DA:330,1
DA:331,1
DA:340,1
DA:341,1
DA:342,1
DA:350,0
DA:360,1
DA:361,1
DA:362,1
DA:363,1
DA:364,1
DA:365,1
DA:366,1
DA:368,1
DA:372,1
DA:374,0
DA:375,0
DA:377,0
DA:378,0
DA:380,0
DA:381,0
DA:385,1
DA:386,1
LF:148
LH:99
BRDA:24,0,0,0
BRDA:24,0,1,0
BRDA:24,1,0,0
BRDA:24,1,1,0
BRDA:30,2,0,0
BRDA:30,2,1,0
BRDA:38,3,0,0
BRDA:39,4,0,0
BRDA:40,5,0,0
BRDA:40,5,1,0
BRDA:57,6,0,0
BRDA:57,6,1,0
BRDA:57,7,0,0
BRDA:57,7,1,0
BRDA:58,8,0,0
BRDA:58,8,1,0
BRDA:61,9,0,0
BRDA:61,9,1,0
BRDA:77,10,0,1
BRDA:77,10,1,0
BRDA:77,11,0,1
BRDA:77,11,1,0
BRDA:77,12,0,1
BRDA:77,12,1,0
BRDA:78,13,0,1
BRDA:78,13,1,0
BRDA:79,14,0,1
BRDA:79,14,1,0
BRDA:79,15,0,1
BRDA:79,15,1,0
BRDA:80,16,0,1
BRDA:80,16,1,0
BRDA:81,17,0,1
BRDA:81,17,1,1
BRDA:85,18,0,1
BRDA:85,18,1,0
BRDA:86,19,0,1
BRDA:86,19,1,0
BRDA:87,20,0,1
BRDA:87,20,1,0
BRDA:88,21,0,1
BRDA:88,21,1,0
BRDA:89,22,0,1
BRDA:89,22,1,0
BRDA:91,23,0,1
BRDA:91,23,1,0
BRDA:92,24,0,1
BRDA:92,24,1,0
BRDA:95,25,0,1
BRDA:95,25,1,0
BRDA:96,26,0,0
BRDA:96,26,1,0
BRDA:103,27,0,0
BRDA:103,27,1,0
BRDA:111,28,0,0
BRDA:111,28,1,1
BRDA:115,29,0,1
BRDA:115,29,1,0
BRDA:116,30,0,1
BRDA:116,30,1,0
BRDA:116,31,0,1
BRDA:116,31,1,1
BRDA:121,32,0,0
BRDA:121,32,1,1
BRDA:129,33,0,1
BRDA:129,33,1,0
BRDA:131,34,0,1
BRDA:131,34,1,0
BRDA:145,35,0,1
BRDA:145,35,1,0
BRDA:146,36,0,1
BRDA:146,36,1,1
BRDA:146,36,2,0
BRDA:147,37,0,1
BRDA:147,37,1,0
BRDA:148,38,0,1
BRDA:148,38,1,0
BRDA:151,39,0,1
BRDA:151,39,1,0
BRDA:154,40,0,1
BRDA:154,40,1,0
BRDA:155,41,0,1
BRDA:155,41,1,0
BRDA:156,42,0,1
BRDA:156,42,1,0
BRDA:159,43,0,1
BRDA:159,43,1,0
BRDA:159,44,0,1
BRDA:159,44,1,0
BRDA:159,44,2,0
BRDA:160,45,0,1
BRDA:160,45,1,0
BRDA:160,46,0,1
BRDA:160,46,1,0
BRDA:160,46,2,0
BRDA:160,46,3,0
BRDA:161,47,0,0
BRDA:161,47,1,0
BRDA:161,47,2,0
BRDA:161,47,3,0
BRDA:166,48,0,1
BRDA:166,48,1,1
BRDA:166,48,2,1
BRDA:185,49,0,0
BRDA:185,49,1,1
BRDA:187,50,0,0
BRDA:187,50,1,1
BRDA:202,51,0,1
BRDA:202,51,1,1
BRDA:203,52,0,1
BRDA:203,52,1,1
BRDA:204,53,0,1
BRDA:204,53,1,1
BRDA:206,54,0,1
BRDA:206,54,1,1
BRDA:206,54,2,1
BRDA:214,55,0,1
BRDA:214,55,1,1
BRDA:214,55,2,1
BRDA:214,56,0,1
BRDA:214,56,1,1
BRDA:215,57,0,0
BRDA:215,57,1,0
BRDA:218,58,0,1
BRDA:218,58,1,1
BRDA:230,59,0,0
BRDA:230,59,1,1
BRDA:232,60,0,0
BRDA:232,60,1,1
BRDA:241,61,0,1
BRDA:241,61,1,0
BRDA:254,62,0,1
BRDA:254,62,1,1
BRDA:254,62,2,0
BRDA:255,63,0,1
BRDA:255,63,1,0
BRDA:256,64,0,1
BRDA:256,64,1,0
BRDA:257,65,0,1
BRDA:257,65,1,1
BRDA:257,65,2,1
BRDA:257,66,0,0
BRDA:257,66,1,1
BRDA:259,67,0,1
BRDA:259,67,1,0
BRDA:259,68,0,0
BRDA:259,68,1,0
BRDA:262,69,0,1
BRDA:262,69,1,0
BRDA:262,69,2,0
BRDA:262,69,3,0
BRDA:262,70,0,1
BRDA:262,70,1,0
BRDA:262,70,2,0
BRDA:262,70,3,0
BRDA:280,71,0,0
BRDA:280,71,1,1
BRDA:282,72,0,0
BRDA:282,72,1,1
BRDA:300,73,0,1
BRDA:300,73,1,0
BRDA:301,74,0,1
BRDA:301,74,1,1
BRDA:302,75,0,1
BRDA:302,75,1,1
BRDA:304,76,0,1
BRDA:304,76,1,0
BRDA:305,77,0,1
BRDA:305,77,1,0
BRDA:306,78,0,1
BRDA:306,78,1,0
BRDA:323,79,0,0
BRDA:323,79,1,1
BRDA:324,80,0,1
BRDA:324,80,1,0
BRDA:330,81,0,0
BRDA:330,81,1,1
BRDA:341,82,0,0
BRDA:341,82,1,1
BRDA:363,83,0,0
BRDA:363,83,1,1
BRDA:364,84,0,1
BRDA:364,84,1,1
BRDA:375,85,0,0
BRDA:375,85,1,0
BRDA:385,86,0,1
BRDA:385,86,1,0
BRDA:385,87,0,1
BRDA:385,87,1,1
BRF:189
BRH:93
end_of_record
TN:
SF:static/script.js
FN:3,(anonymous_0)
FN:9,(anonymous_1)
FN:40,makeRowEditable
FN:45,(anonymous_3)
FN:61,(anonymous_4)
FN:96,validateFieldInput
FN:119,collectInputReferences
FN:123,(anonymous_7)
FN:131,validateGradeSum
FN:137,(anonymous_9)
FN:151,(anonymous_10)
FN:169,updateCellDisplayValues
FN:170,(anonymous_12)
FN:183,handleBackendError
FN:191,(anonymous_14)
FN:197,handleSave
FN:207,(anonymous_16)
FN:260,cancelEdit
FN:263,(anonymous_18)
FN:274,handleDelete
FN:287,(anonymous_20)
FN:291,(anonymous_21)
FN:294,(anonymous_22)
FN:300,(anonymous_23)
FN:310,(anonymous_24)
FN:317,revertRowToActionButtons
FN:330,getFieldNameByIndex
FN:348,isFieldRequired
FN:372,loadDashboardData
FN:411,initializeImportForm
FN:436,updateButtonText
FN:454,(anonymous_31)
FN:490,validateImportForm
FN:504,buildConfirmationMessage
FN:515,buildImportFormData
FN:534,executeImport
FN:560,(anonymous_36)
FN:595,showProgress
FN:610,hideProgress
FN:616,pollImportProgress
FN:621,(anonymous_40)
FN:652,(anonymous_41)
FN:681,updateProgressBar
FN:707,showValidationResults
FN:729,(anonymous_44)
FN:740,(anonymous_45)
FN:750,buildImportHeader
FN:774,buildErrorsSection
FN:785,(anonymous_48)
FN:792,buildWarningsSection
FN:803,(anonymous_50)
FN:810,buildConflictsSection
FN:827,(anonymous_52)
FN:865,showImportResults
FN:883,showError
FNF:55
FNH:33
FNDA:7,(anonymous_0)
FNDA:8,(anonymous_1)
FNDA:3,makeRowEditable
FNDA:33,(anonymous_3)
FNDA:18,(anonymous_4)
FNDA:20,validateFieldInput
FNDA:2,collectInputReferences
FNDA:20,(anonymous_7)
FNDA:2,validateGradeSum
FNDA:10,(anonymous_9)
FNDA:5,(anonymous_10)
FNDA:1,updateCellDisplayValues
FNDA:10,(anonymous_12)
FNDA:0,handleBackendError
FNDA:0,(anonymous_14)
FNDA:2,handleSave
FNDA:20,(anonymous_16)
FNDA:1,cancelEdit
FNDA:11,(anonymous_18)
FNDA:2,handleDelete
FNDA:2,(anonymous_20)
FNDA:1,(anonymous_21)
FNDA:1,(anonymous_22)
FNDA:1,(anonymous_23)
FNDA:1,(anonymous_24)
FNDA:2,revertRowToActionButtons
FNDA:30,getFieldNameByIndex
FNDA:0,isFieldRequired
FNDA:7,loadDashboardData
FNDA:7,initializeImportForm
FNDA:2,updateButtonText
FNDA:2,(anonymous_31)
FNDA:0,validateImportForm
FNDA:0,buildConfirmationMessage
FNDA:0,buildImportFormData
FNDA:0,executeImport
FNDA:0,(anonymous_36)
FNDA:1,showProgress
FNDA:2,hideProgress
FNDA:0,pollImportProgress
FNDA:0,(anonymous_40)
FNDA:0,(anonymous_41)
FNDA:0,updateProgressBar
FNDA:1,showValidationResults
FNDA:0,(anonymous_44)
FNDA:0,(anonymous_45)
FNDA:0,buildImportHeader
FNDA:0,buildErrorsSection
FNDA:0,(anonymous_48)
FNDA:0,buildWarningsSection
FNDA:0,(anonymous_50)
FNDA:0,buildConflictsSection
FNDA:0,(anonymous_52)
FNDA:0,showImportResults
FNDA:1,showError
DA:3,7
DA:4,7
DA:7,7
DA:9,7
DA:10,8
DA:11,8
DA:12,8
DA:14,0
DA:16,8
DA:19,8
DA:20,3
DA:21,5
DA:23,2
DA:24,2
DA:25,3
DA:27,2
DA:28,1
DA:30,1
DA:35,0
DA:42,3
DA:43,3
DA:45,3
DA:46,33
DA:48,30
DA:49,30
DA:51,30
DA:52,30
DA:56,30
DA:57,3
DA:58,3
DA:60,3
DA:61,3
DA:62,18
DA:63,18
DA:64,18
DA:65,18
DA:66,3
DA:68,18
DA:71,27
DA:72,27
DA:74,27
DA:75,18
DA:77,27
DA:78,27
DA:80,30
DA:81,30
DA:82,30
DA:86,3
DA:89,3
DA:90,3
DA:97,20
DA:98,20
DA:99,20
DA:102,20
DA:105,20
DA:106,0
DA:107,0
DA:111,20
DA:112,0
DA:113,0
DA:116,20
DA:120,2
DA:121,2
DA:123,2
DA:124,20
DA:125,20
DA:128,2
DA:132,2
DA:133,2
DA:134,2
DA:137,2
DA:138,10
DA:139,10
DA:140,5
DA:141,5
DA:143,10
DA:147,2
DA:148,2
DA:150,1
DA:151,5
DA:152,1
DA:157,0
DA:158,0
DA:159,0
DA:166,1
DA:170,1
DA:171,10
DA:172,10
DA:175,10
DA:176,0
DA:177,0
DA:179,10
DA:184,0
DA:186,0
DA:190,0
DA:191,0
DA:194,0
DA:198,2
DA:199,2
DA:200,2
DA:201,2
DA:204,2
DA:207,2
DA:208,20
DA:209,20
DA:210,0
DA:211,0
DA:216,2
DA:217,2
DA:218,2
DA:219,1
DA:220,1
DA:225,2
DA:226,1
DA:227,1
DA:232,1
DA:234,1
DA:243,1
DA:245,1
DA:246,1
DA:247,1
DA:250,0
DA:251,0
DA:255,0
DA:256,0
DA:261,1
DA:263,1
DA:264,11
DA:265,11
DA:266,10
DA:267,10
DA:271,1
DA:276,2
DA:278,2
DA:279,0
DA:284,2
DA:288,2
DA:289,1
DA:292,1
DA:295,1
DA:298,1
DA:301,1
DA:302,1
DA:303,1
DA:306,0
DA:307,0
DA:312,1
DA:313,1
DA:318,2
DA:319,2
DA:320,2
DA:321,2
DA:327,2
DA:332,30
DA:345,30
DA:350,0
DA:351,0
DA:365,7
DA:368,7
DA:373,7
DA:380,7
DA:381,28
DA:382,28
DA:383,28
DA:385,28
DA:386,28
DA:387,4
DA:388,4
DA:395,24
DA:396,0
DA:400,0
DA:401,0
DA:402,0
DA:403,0
DA:412,7
DA:413,7
DA:414,7
DA:415,7
DA:416,7
DA:417,7
DA:418,7
DA:421,7
DA:429,7
DA:431,6
DA:432,6
DA:437,2
DA:438,1
DA:440,1
DA:445,1
DA:448,1
DA:449,1
DA:453,1
DA:454,1
DA:455,2
DA:456,2
DA:458,2
DA:459,1
DA:460,1
DA:463,1
DA:464,1
DA:465,1
DA:467,1
DA:469,1
DA:470,1
DA:475,1
DA:476,1
DA:478,1
DA:479,1
DA:481,0
DA:484,1
DA:485,1
DA:491,0
DA:492,0
DA:493,0
DA:496,0
DA:497,0
DA:498,0
DA:501,0
DA:505,0
DA:507,0
DA:508,0
DA:511,0
DA:512,0
DA:522,0
DA:523,0
DA:524,0
DA:525,0
DA:526,0
DA:527,0
DA:531,0
DA:535,0
DA:536,0
DA:538,0
DA:539,0
DA:544,0
DA:546,0
DA:547,0
DA:549,0
DA:550,0
DA:553,0
DA:554,0
DA:559,1
DA:560,1
DA:561,0
DA:564,0
DA:565,0
DA:566,0
DA:567,0
DA:568,0
DA:571,0
DA:572,0
DA:576,0
DA:577,0
DA:578,0
DA:579,0
DA:584,0
DA:591,0
DA:596,1
DA:597,1
DA:598,1
DA:605,1
DA:606,1
DA:611,2
DA:612,2
DA:617,0
DA:618,0
DA:619,0
DA:621,0
DA:622,0
DA:623,0
DA:624,0
DA:625,0
DA:628,0
DA:631,0
DA:633,0
DA:634,0
DA:637,0
DA:638,0
DA:641,0
DA:642,0
DA:643,0
DA:644,0
DA:647,0
DA:648,0
DA:649,0
DA:652,0
DA:653,0
DA:658,0
DA:659,0
DA:660,0
DA:662,0
DA:664,0
DA:665,0
DA:667,0
DA:668,0
DA:672,0
DA:673,0
DA:678,0
DA:682,0
DA:683,0
DA:685,0
DA:686,0
DA:687,0
DA:688,0
DA:691,0
DA:692,0
DA:693,0
DA:694,0
DA:695,0
DA:697,0
DA:708,1
DA:710,1
DA:711,1
DA:712,1
DA:714,1
DA:724,0
DA:725,0
DA:729,0
DA:735,0
DA:736,0
DA:740,0
DA:746,0
DA:747,0
DA:751,0
DA:752,0
DA:753,0
DA:755,0
DA:775,0
DA:777,0
DA:779,0
DA:781,0
DA:785,0
DA:793,0
DA:795,0
DA:797,0
DA:799,0
DA:803,0
DA:811,0
DA:813,0
DA:815,0
DA:825,0
DA:827,0
DA:840,0
DA:866,0
DA:868,0
DA:869,0
DA:874,0
DA:879,0
DA:880,0
DA:884,1
DA:885,1
DA:891,1
LF:352
LH:195
BRDA:7,0,0,7
BRDA:7,0,1,0
BRDA:12,1,0,0
BRDA:12,1,1,8
BRDA:12,2,0,8
BRDA:12,2,1,8
BRDA:19,3,0,3
BRDA:19,3,1,5
BRDA:21,4,0,2
BRDA:21,4,1,3
BRDA:25,5,0,2
BRDA:25,5,1,1
BRDA:28,6,0,1
BRDA:28,6,1,0
BRDA:46,7,0,3
BRDA:46,7,1,30
BRDA:49,8,0,0
BRDA:49,8,1,30
BRDA:56,9,0,3
BRDA:56,9,1,27
BRDA:65,10,0,3
BRDA:65,10,1,15
BRDA:73,11,0,18
BRDA:73,11,1,9
BRDA:73,12,0,27
BRDA:73,12,1,24
BRDA:74,13,0,18
BRDA:74,13,1,9
BRDA:77,14,0,0
BRDA:77,14,1,27
BRDA:77,15,0,27
BRDA:77,15,1,27
BRDA:105,16,0,0
BRDA:105,16,1,20
BRDA:105,17,0,20
BRDA:105,17,1,0
BRDA:111,18,0,0
BRDA:111,18,1,20
BRDA:111,19,0,20
BRDA:111,19,1,12
BRDA:111,19,2,12
BRDA:111,19,3,12
BRDA:124,20,0,2
BRDA:124,20,1,18
BRDA:125,21,0,10
BRDA:125,21,1,10
BRDA:132,22,0,2
BRDA:132,22,1,0
BRDA:138,23,0,10
BRDA:138,23,1,0
BRDA:139,24,0,5
BRDA:139,24,1,5
BRDA:139,25,0,10
BRDA:139,25,1,10
BRDA:143,26,0,0
BRDA:143,26,1,10
BRDA:147,27,0,2
BRDA:147,27,1,0
BRDA:147,28,0,2
BRDA:147,28,1,2
BRDA:147,28,2,2
BRDA:148,29,0,1
BRDA:148,29,1,1
BRDA:150,30,0,1
BRDA:150,30,1,0
BRDA:157,31,0,0
BRDA:157,31,1,0
BRDA:157,32,0,0
BRDA:157,32,1,0
BRDA:157,32,2,0
BRDA:158,33,0,0
BRDA:158,33,1,0
BRDA:175,34,0,0
BRDA:175,34,1,10
BRDA:175,35,0,10
BRDA:175,35,1,6
BRDA:176,36,0,0
BRDA:176,36,1,0
BRDA:177,37,0,0
BRDA:177,37,1,0
BRDA:184,38,0,0
BRDA:184,38,1,0
BRDA:186,39,0,0
BRDA:186,39,1,0
BRDA:187,40,0,0
BRDA:187,40,1,0
BRDA:190,41,0,0
BRDA:190,41,1,0
BRDA:209,42,0,0
BRDA:209,42,1,20
BRDA:211,43,0,0
BRDA:211,43,1,0
BRDA:216,44,0,2
BRDA:216,44,1,0
BRDA:218,45,0,1
BRDA:218,45,1,1
BRDA:225,46,0,1
BRDA:225,46,1,1
BRDA:245,47,0,1
BRDA:245,47,1,0
BRDA:245,48,0,1
BRDA:245,48,1,1
BRDA:250,49,0,0
BRDA:250,49,1,0
BRDA:261,50,0,1
BRDA:261,50,1,0
BRDA:265,51,0,10
BRDA:265,51,1,1
BRDA:267,52,0,10
BRDA:267,52,1,0
BRDA:278,53,0,0
BRDA:278,53,1,2
BRDA:288,54,0,1
BRDA:288,54,1,1
BRDA:292,55,0,1
BRDA:292,55,1,0
BRDA:301,56,0,1
BRDA:301,56,1,0
BRDA:307,57,0,0
BRDA:307,57,1,0
BRDA:320,58,0,2
BRDA:320,58,1,0
BRDA:345,59,0,30
BRDA:345,59,1,0
BRDA:386,60,0,4
BRDA:386,60,1,24
BRDA:386,61,0,28
BRDA:386,61,1,4
BRDA:387,62,0,4
BRDA:387,62,1,0
BRDA:393,63,0,4
BRDA:393,63,1,0
BRDA:395,64,0,0
BRDA:395,64,1,24
BRDA:402,65,0,0
BRDA:402,65,1,0
BRDA:429,66,0,6
BRDA:429,66,1,1
BRDA:437,67,0,1
BRDA:437,67,1,1
BRDA:437,68,0,2
BRDA:437,68,1,2
BRDA:448,69,0,1
BRDA:448,69,1,0
BRDA:453,70,0,1
BRDA:453,70,1,0
BRDA:458,71,0,1
BRDA:458,71,1,1
BRDA:478,72,0,1
BRDA:478,72,1,0
BRDA:478,73,0,1
BRDA:478,73,1,1
BRDA:481,74,0,0
BRDA:481,74,1,0
BRDA:491,75,0,0
BRDA:491,75,1,0
BRDA:496,76,0,0
BRDA:496,76,1,0
BRDA:505,77,0,0
BRDA:505,77,1,0
BRDA:507,78,0,0
BRDA:507,78,1,0
BRDA:507,79,0,0
BRDA:507,79,1,0
BRDA:525,80,0,0
BRDA:525,80,1,0
BRDA:529,81,0,0
BRDA:529,81,1,0
BRDA:529,82,0,0
BRDA:529,82,1,0
BRDA:535,83,0,0
BRDA:535,83,1,0
BRDA:546,84,0,0
BRDA:546,84,1,0
BRDA:546,85,0,0
BRDA:546,85,1,0
BRDA:550,86,0,0
BRDA:550,86,1,0
BRDA:559,87,0,1
BRDA:559,87,1,0
BRDA:571,88,0,0
BRDA:571,88,1,0
BRDA:576,89,0,0
BRDA:576,89,1,0
BRDA:578,90,0,0
BRDA:578,90,1,0
BRDA:596,91,0,1
BRDA:596,91,1,0
BRDA:605,92,0,1
BRDA:605,92,1,0
BRDA:611,93,0,2
BRDA:611,93,1,0
BRDA:624,94,0,0
BRDA:624,94,1,0
BRDA:633,95,0,0
BRDA:633,95,1,0
BRDA:637,96,0,0
BRDA:637,96,1,0
BRDA:641,97,0,0
BRDA:641,97,1,0
BRDA:641,98,0,0
BRDA:641,98,1,0
BRDA:641,98,2,0
BRDA:648,99,0,0
BRDA:648,99,1,0
BRDA:658,100,0,0
BRDA:658,100,1,0
BRDA:660,101,0,0
BRDA:660,101,1,0
BRDA:662,102,0,0
BRDA:662,102,1,0
BRDA:662,103,0,0
BRDA:662,103,1,0
BRDA:664,104,0,0
BRDA:664,104,1,0
BRDA:685,105,0,0
BRDA:685,105,1,0
BRDA:686,106,0,0
BRDA:686,106,1,0
BRDA:691,107,0,0
BRDA:691,107,1,0
BRDA:692,108,0,0
BRDA:692,108,1,0
BRDA:693,109,0,0
BRDA:693,109,1,0
BRDA:694,110,0,0
BRDA:694,110,1,0
BRDA:695,111,0,0
BRDA:695,111,1,0
BRDA:702,112,0,0
BRDA:702,112,1,0
BRDA:708,113,0,0
BRDA:708,113,1,1
BRDA:711,114,0,0
BRDA:711,114,1,1
BRDA:712,115,0,0
BRDA:712,115,1,1
BRDA:724,116,0,0
BRDA:724,116,1,0
BRDA:724,117,0,0
BRDA:724,117,1,0
BRDA:735,118,0,0
BRDA:735,118,1,0
BRDA:735,119,0,0
BRDA:735,119,1,0
BRDA:751,120,0,0
BRDA:751,120,1,0
BRDA:752,121,0,0
BRDA:752,121,1,0
BRDA:753,122,0,0
BRDA:753,122,1,0
BRDA:760,123,0,0
BRDA:760,123,1,0
BRDA:761,124,0,0
BRDA:761,124,1,0
BRDA:762,125,0,0
BRDA:762,125,1,0
BRDA:765,126,0,0
BRDA:765,126,1,0
BRDA:766,127,0,0
BRDA:766,127,1,0
BRDA:767,128,0,0
BRDA:767,128,1,0
BRDA:775,129,0,0
BRDA:775,129,1,0
BRDA:775,130,0,0
BRDA:775,130,1,0
BRDA:779,131,0,0
BRDA:779,131,1,0
BRDA:793,132,0,0
BRDA:793,132,1,0
BRDA:793,133,0,0
BRDA:793,133,1,0
BRDA:797,134,0,0
BRDA:797,134,1,0
BRDA:811,135,0,0
BRDA:811,135,1,0
BRDA:811,136,0,0
BRDA:811,136,1,0
BRDA:815,137,0,0
BRDA:815,137,1,0
BRDA:866,138,0,0
BRDA:866,138,1,0
BRDA:884,139,0,1
BRDA:884,139,1,0
BRF:285
BRH:103
end_of_record
